{"numFailedTestSuites":0,"numFailedTests":0,"numPassedTestSuites":75,"numPassedTests":655,"numPendingTestSuites":0,"numPendingTests":0,"numRuntimeErrorTestSuites":0,"numTodoTests":0,"numTotalTestSuites":75,"numTotalTests":655,"openHandles":[],"snapshot":{"added":0,"didUpdate":false,"failure":false,"filesAdded":0,"filesRemoved":0,"filesRemovedList":[],"filesUnmatched":0,"filesUpdated":0,"matched":364,"total":364,"unchecked":0,"uncheckedKeysByFile":[],"unmatched":0,"updated":0},"startTime":1623397438857,"success":true,"testResults":[{"assertionResults":[{"ancestorTitles":["Modal component"],"failureMessages":[],"fullName":"Modal component should render properly when it is open","location":null,"status":"passed","title":"should render properly when it is open"},{"ancestorTitles":["Modal component"],"failureMessages":[],"fullName":"Modal component should not render when open prop is falsy","location":null,"status":"passed","title":"should not render when open prop is falsy"},{"ancestorTitles":["Modal component"],"failureMessages":[],"fullName":"Modal component should call onCloseModal on click on close icon","location":null,"status":"passed","title":"should call onCloseModal on click on close icon"},{"ancestorTitles":["Modal component"],"failureMessages":[],"fullName":"Modal component should call onCloseModal on pressing escape key","location":null,"status":"passed","title":"should call onCloseModal on pressing escape key"},{"ancestorTitles":["Modal component"],"failureMessages":[],"fullName":"Modal component should call onCloseModal on click on overlay background","location":null,"status":"passed","title":"should call onCloseModal on click on overlay background"},{"ancestorTitles":["Modal component"],"failureMessages":[],"fullName":"Modal component should be able to render any JSX element in header","location":null,"status":"passed","title":"should be able to render any JSX element in header"},{"ancestorTitles":["Modal component"],"failureMessages":[],"fullName":"Modal component should hide shadow of header on scroll to top","location":null,"status":"passed","title":"should hide shadow of header on scroll to top"},{"ancestorTitles":["Modal component"],"failureMessages":[],"fullName":"Modal component should hide shadow of actions on scroll to bottom","location":null,"status":"passed","title":"should hide shadow of actions on scroll to bottom"},{"ancestorTitles":["Modal component"],"failureMessages":[],"fullName":"Modal component should show shadow of header and actions on scroll","location":null,"status":"passed","title":"should show shadow of header and actions on scroll"},{"ancestorTitles":["Modal component background at small screen size"],"failureMessages":[],"fullName":"Modal component background at small screen size should render properly when it is open","location":null,"status":"passed","title":"should render properly when it is open"},{"ancestorTitles":["Modal component background at small screen size"],"failureMessages":[],"fullName":"Modal component background at small screen size should render properly when it is closed","location":null,"status":"passed","title":"should render properly when it is closed"}],"endTime":1623397455883,"message":"","name":"/Users/mukul/workspace/medly-open-source/medly-components/packages/core/src/components/Modal/Modal.test.tsx","startTime":1623397441106,"status":"passed","summary":""},{"assertionResults":[{"ancestorTitles":["CheckboxGroup component"],"failureMessages":[],"fullName":"CheckboxGroup component should render properly","location":null,"status":"passed","title":"should render properly"},{"ancestorTitles":["CheckboxGroup component"],"failureMessages":[],"fullName":"CheckboxGroup component should render properly with disabled state","location":null,"status":"passed","title":"should render properly with disabled state"},{"ancestorTitles":["CheckboxGroup component"],"failureMessages":[],"fullName":"CheckboxGroup component should render properly with fullWidth","location":null,"status":"passed","title":"should render properly with fullWidth"},{"ancestorTitles":["CheckboxGroup component"],"failureMessages":[],"fullName":"CheckboxGroup component should deselect option when it is already selected","location":null,"status":"passed","title":"should deselect option when it is already selected"},{"ancestorTitles":["CheckboxGroup component"],"failureMessages":[],"fullName":"CheckboxGroup component should select option when click on it","location":null,"status":"passed","title":"should select option when click on it"},{"ancestorTitles":["CheckboxGroup component"],"failureMessages":[],"fullName":"CheckboxGroup component should select all when clicked on the select all option","location":null,"status":"passed","title":"should select all when clicked on the select all option"},{"ancestorTitles":["CheckboxGroup component"],"failureMessages":[],"fullName":"CheckboxGroup component should show indeterminate state when any one option is selected but not all","location":null,"status":"passed","title":"should show indeterminate state when any one option is selected but not all"},{"ancestorTitles":["CheckboxGroup component"],"failureMessages":[],"fullName":"CheckboxGroup component should unselect all when all the options are already selected","location":null,"status":"passed","title":"should unselect all when all the options are already selected"},{"ancestorTitles":["CheckboxGroup component"],"failureMessages":[],"fullName":"CheckboxGroup component should render error text when it is given","location":null,"status":"passed","title":"should render error text when it is given"},{"ancestorTitles":["CheckboxGroup component"],"failureMessages":[],"fullName":"CheckboxGroup component should call validator function on blur","location":null,"status":"passed","title":"should call validator function on blur"},{"ancestorTitles":["CheckboxGroup component"],"failureMessages":[],"fullName":"CheckboxGroup component should show default error message on blur when we pass required prop","location":null,"status":"passed","title":"should show default error message on blur when we pass required prop"},{"ancestorTitles":["CheckboxGroup component","nested options"],"failureMessages":[],"fullName":"CheckboxGroup component nested options should select option when click on it","location":null,"status":"passed","title":"should select option when click on it"},{"ancestorTitles":["CheckboxGroup component","nested options"],"failureMessages":[],"fullName":"CheckboxGroup component nested options should select all nested options when clicked on the group label","location":null,"status":"passed","title":"should select all nested options when clicked on the group label"},{"ancestorTitles":["CheckboxGroup component","nested options"],"failureMessages":[],"fullName":"CheckboxGroup component nested options should unselect all when all the options are already selected","location":null,"status":"passed","title":"should unselect all when all the options are already selected"}],"endTime":1623397456487,"message":"","name":"/Users/mukul/workspace/medly-open-source/medly-components/packages/core/src/components/CheckboxGroup/CheckboxGroup.test.tsx","startTime":1623397440950,"status":"passed","summary":""},{"assertionResults":[{"ancestorTitles":["SearchBox"],"failureMessages":[],"fullName":"SearchBox should render properly with \"S\" size","location":null,"status":"passed","title":"should render properly with \"S\" size"},{"ancestorTitles":["SearchBox"],"failureMessages":[],"fullName":"SearchBox should render properly with \"M\" size","location":null,"status":"passed","title":"should render properly with \"M\" size"},{"ancestorTitles":["SearchBox"],"failureMessages":[],"fullName":"SearchBox should render placeholder text when specified","location":null,"status":"passed","title":"should render placeholder text when specified"},{"ancestorTitles":["SearchBox"],"failureMessages":[],"fullName":"SearchBox should render search icon","location":null,"status":"passed","title":"should render search icon"},{"ancestorTitles":["SearchBox"],"failureMessages":[],"fullName":"SearchBox should call onSearch on clicking on search icon with input value","location":null,"status":"passed","title":"should call onSearch on clicking on search icon with input value"},{"ancestorTitles":["SearchBox"],"failureMessages":[],"fullName":"SearchBox should call onSearch on pressing enter key with the input value","location":null,"status":"passed","title":"should call onSearch on pressing enter key with the input value"},{"ancestorTitles":["SearchBox"],"failureMessages":[],"fullName":"SearchBox should call onClear on clicking on clear icon","location":null,"status":"passed","title":"should call onClear on clicking on clear icon"},{"ancestorTitles":["SearchBox","close icon"],"failureMessages":[],"fullName":"SearchBox close icon should render close icon when user starts typing","location":null,"status":"passed","title":"should render close icon when user starts typing"},{"ancestorTitles":["SearchBox","close icon"],"failureMessages":[],"fullName":"SearchBox close icon should not render close icon in initial state","location":null,"status":"passed","title":"should not render close icon in initial state"},{"ancestorTitles":["SearchBox","close icon"],"failureMessages":[],"fullName":"SearchBox close icon should hide the close icon and maintain the focus on input when clicked on close icon","location":null,"status":"passed","title":"should hide the close icon and maintain the focus on input when clicked on close icon"},{"ancestorTitles":["SearchBox","close icon"],"failureMessages":[],"fullName":"SearchBox close icon should hide the close icon when length of input is 0","location":null,"status":"passed","title":"should hide the close icon when length of input is 0"},{"ancestorTitles":["SearchBox","options"],"failureMessages":[],"fullName":"SearchBox options should not show options initially","location":null,"status":"passed","title":"should not show options initially"},{"ancestorTitles":["SearchBox","options"],"failureMessages":[],"fullName":"SearchBox options should hide options when clicked outside","location":null,"status":"passed","title":"should hide options when clicked outside"},{"ancestorTitles":["SearchBox","options"],"failureMessages":[],"fullName":"SearchBox options should render options when user search option specified","location":null,"status":"passed","title":"should render options when user search option specified"},{"ancestorTitles":["SearchBox","options"],"failureMessages":[],"fullName":"SearchBox options should render options on arrow keys when input is in focus","location":null,"status":"passed","title":"should render options on arrow keys when input is in focus"},{"ancestorTitles":["SearchBox","options"],"failureMessages":[],"fullName":"SearchBox options should not render options on arrow keys when input is not in focus","location":null,"status":"passed","title":"should not render options on arrow keys when input is not in focus"},{"ancestorTitles":["SearchBox","options"],"failureMessages":[],"fullName":"SearchBox options should not call on OptionSelected when onOptionSelected is not passed","location":null,"status":"passed","title":"should not call on OptionSelected when onOptionSelected is not passed"},{"ancestorTitles":["SearchBox","options","with option selected"],"failureMessages":[],"fullName":"SearchBox options with option selected should call on OptionSelected when option is clicked","location":null,"status":"passed","title":"should call on OptionSelected when option is clicked"},{"ancestorTitles":["SearchBox","options","with option selected"],"failureMessages":[],"fullName":"SearchBox options with option selected should update the searchbox value to selected option","location":null,"status":"passed","title":"should update the searchbox value to selected option"}],"endTime":1623397456578,"message":"","name":"/Users/mukul/workspace/medly-open-source/medly-components/packages/core/src/components/SearchBox/SearchBox.test.tsx","startTime":1623397440838,"status":"passed","summary":""},{"assertionResults":[{"ancestorTitles":["SideNav"],"failureMessages":[],"fullName":"SideNav should render properly with shadow","location":null,"status":"passed","title":"should render properly with shadow"},{"ancestorTitles":["SideNav"],"failureMessages":[],"fullName":"SideNav should open by default on 1025+ screen sizes","location":null,"status":"passed","title":"should open by default on 1025+ screen sizes"},{"ancestorTitles":["SideNav"],"failureMessages":[],"fullName":"SideNav should be closed by default on 0 to 1024 screen sizes","location":null,"status":"passed","title":"should be closed by default on 0 to 1024 screen sizes"},{"ancestorTitles":["SideNav"],"failureMessages":[],"fullName":"SideNav should render properly without shadow","location":null,"status":"passed","title":"should render properly without shadow"},{"ancestorTitles":["SideNav"],"failureMessages":[],"fullName":"SideNav should expand aside on clicking on the expand icon","location":null,"status":"passed","title":"should expand aside on clicking on the expand icon"},{"ancestorTitles":["SideNav"],"failureMessages":[],"fullName":"SideNav should collapse aside on clicking on the hide icon","location":null,"status":"passed","title":"should collapse aside on clicking on the hide icon"},{"ancestorTitles":["SideNav"],"failureMessages":[],"fullName":"SideNav should expand nav on hovering on it","location":null,"status":"passed","title":"should expand nav on hovering on it"},{"ancestorTitles":["SideNav"],"failureMessages":[],"fullName":"SideNav should collapse nav on moving cursor out of it","location":null,"status":"passed","title":"should collapse nav on moving cursor out of it"},{"ancestorTitles":["SideNav"],"failureMessages":[],"fullName":"SideNav should call onChange with expected path when it is used as controlled component","location":null,"status":"passed","title":"should call onChange with expected path when it is used as controlled component"},{"ancestorTitles":["SideNav"],"failureMessages":[],"fullName":"SideNav should call onChange with expected path when it is used as uncontrolled component","location":null,"status":"passed","title":"should call onChange with expected path when it is used as uncontrolled component"}],"endTime":1623397458446,"message":"","name":"/Users/mukul/workspace/medly-open-source/medly-components/packages/layout/src/components/SideNav/SideNav.test.tsx","startTime":1623397440876,"status":"passed","summary":""},{"assertionResults":[{"ancestorTitles":["Calendar Component"],"failureMessages":[],"fullName":"Calendar Component should render given date","location":null,"status":"passed","title":"should render given date"},{"ancestorTitles":["Calendar Component"],"failureMessages":[],"fullName":"Calendar Component should render properly with with error state","location":null,"status":"passed","title":"should render properly with with error state"},{"ancestorTitles":["Calendar Component"],"failureMessages":[],"fullName":"Calendar Component should render current month if date is null","location":null,"status":"passed","title":"should render current month if date is null"},{"ancestorTitles":["Calendar Component"],"failureMessages":[],"fullName":"Calendar Component should render min selectable date if current month is greater than max date and date is null","location":null,"status":"passed","title":"should render min selectable date if current month is greater than max date and date is null"},{"ancestorTitles":["Calendar Component"],"failureMessages":[],"fullName":"Calendar Component should call onChange with expected date","location":null,"status":"passed","title":"should call onChange with expected date"},{"ancestorTitles":["Calendar Component"],"failureMessages":[],"fullName":"Calendar Component should render previous month on clicking left arrow when current month is other than Jan","location":null,"status":"passed","title":"should render previous month on clicking left arrow when current month is other than Jan"},{"ancestorTitles":["Calendar Component"],"failureMessages":[],"fullName":"Calendar Component should render dec month on clicking left arrow when current month is Jan","location":null,"status":"passed","title":"should render dec month on clicking left arrow when current month is Jan"},{"ancestorTitles":["Calendar Component"],"failureMessages":[],"fullName":"Calendar Component should render next month on clicking right arrow when current month is other than Dec","location":null,"status":"passed","title":"should render next month on clicking right arrow when current month is other than Dec"},{"ancestorTitles":["Calendar Component"],"failureMessages":[],"fullName":"Calendar Component should render Jan month on clicking right arrow when current month is Dec","location":null,"status":"passed","title":"should render Jan month on clicking right arrow when current month is Dec"},{"ancestorTitles":["Calendar Component"],"failureMessages":[],"fullName":"Calendar Component should render 29 days in feb month in leap year","location":null,"status":"passed","title":"should render 29 days in feb month in leap year"},{"ancestorTitles":["Calendar Component"],"failureMessages":[],"fullName":"Calendar Component should render 28 days in feb month in non leap year","location":null,"status":"passed","title":"should render 28 days in feb month in non leap year"},{"ancestorTitles":["Calendar Component"],"failureMessages":[],"fullName":"Calendar Component should disable dates which are are out of range ","location":null,"status":"passed","title":"should disable dates which are are out of range "},{"ancestorTitles":["Calendar Component"],"failureMessages":[],"fullName":"Calendar Component should change month to first non disable month on changing year if selected month is disabled in the newly selected year","location":null,"status":"passed","title":"should change month to first non disable month on changing year if selected month is disabled in the newly selected year"},{"ancestorTitles":["Calendar Component"],"failureMessages":[],"fullName":"Calendar Component should non change month on changing year if that month is non disable in the newly selected year","location":null,"status":"passed","title":"should non change month on changing year if that month is non disable in the newly selected year"}],"endTime":1623397459376,"message":"","name":"/Users/mukul/workspace/medly-open-source/medly-components/packages/core/src/components/Calendar/Calendar.test.tsx","startTime":1623397441214,"status":"passed","summary":""},{"assertionResults":[{"ancestorTitles":["TextField"],"failureMessages":[],"fullName":"TextField should render properly with default props","location":null,"status":"passed","title":"should render properly with default props"},{"ancestorTitles":["TextField"],"failureMessages":[],"fullName":"TextField should render properly with S size","location":null,"status":"passed","title":"should render properly with S size"},{"ancestorTitles":["TextField"],"failureMessages":[],"fullName":"TextField should render properly with M size","location":null,"status":"passed","title":"should render properly with M size"},{"ancestorTitles":["TextField"],"failureMessages":[],"fullName":"TextField should take parents width if we pass fullWidth prop as true","location":null,"status":"passed","title":"should take parents width if we pass fullWidth prop as true"},{"ancestorTitles":["TextField"],"failureMessages":[],"fullName":"TextField should take passed min width","location":null,"status":"passed","title":"should take passed min width"},{"ancestorTitles":["TextField"],"failureMessages":[],"fullName":"TextField should take passed max width","location":null,"status":"passed","title":"should take passed max width"},{"ancestorTitles":["TextField"],"failureMessages":[],"fullName":"TextField should focus on input when clicked on the wrapper","location":null,"status":"passed","title":"should focus on input when clicked on the wrapper"},{"ancestorTitles":["TextField","without label"],"failureMessages":[],"fullName":"TextField without label should render default state properly","location":null,"status":"passed","title":"should render default state properly"},{"ancestorTitles":["TextField","without label"],"failureMessages":[],"fullName":"TextField without label should render focus state properly ","location":null,"status":"passed","title":"should render focus state properly "},{"ancestorTitles":["TextField"],"failureMessages":[],"fullName":"TextField should not call onClick function on click on helper text","location":null,"status":"passed","title":"should not call onClick function on click on helper text"},{"ancestorTitles":["TextField"],"failureMessages":[],"fullName":"TextField should render asterisk if we pass required prop as true","location":null,"status":"passed","title":"should render asterisk if we pass required prop as true"},{"ancestorTitles":["TextField","character count"],"failureMessages":[],"fullName":"TextField character count should correctly render character count if we pass withCharacterCount and maxlength","location":null,"status":"passed","title":"should correctly render character count if we pass withCharacterCount and maxlength"},{"ancestorTitles":["TextField","character count"],"failureMessages":[],"fullName":"TextField character count should correctly render character count for S size TextField if we pass withCharacterCount and maxlength","location":null,"status":"passed","title":"should correctly render character count for S size TextField if we pass withCharacterCount and maxlength"},{"ancestorTitles":["TextField","character count"],"failureMessages":[],"fullName":"TextField character count should correctly render character count for multiline TextField if we pass withCharacterCount and maxlength","location":null,"status":"passed","title":"should correctly render character count for multiline TextField if we pass withCharacterCount and maxlength"},{"ancestorTitles":["TextField","character count"],"failureMessages":[],"fullName":"TextField character count should correctly render character count for fusion TextField variant if we pass withCharacterCount and maxlength","location":null,"status":"passed","title":"should correctly render character count for fusion TextField variant if we pass withCharacterCount and maxlength"},{"ancestorTitles":["TextField","character count"],"failureMessages":[],"fullName":"TextField character count should render correct character count if we pass withCharacterCount, maxlength, and defaultValue","location":null,"status":"passed","title":"should render correct character count if we pass withCharacterCount, maxlength, and defaultValue"},{"ancestorTitles":["TextField","character count"],"failureMessages":[],"fullName":"TextField character count should correctly render character count when the count value is 80% of the maxLength","location":null,"status":"passed","title":"should correctly render character count when the count value is 80% of the maxLength"},{"ancestorTitles":["TextField","character count"],"failureMessages":[],"fullName":"TextField character count should correctly render character count when the count value is 100% of the maxLength","location":null,"status":"passed","title":"should correctly render character count when the count value is 100% of the maxLength"},{"ancestorTitles":["TextField"],"failureMessages":[],"fullName":"TextField should call onChange prop on changing the value","location":null,"status":"passed","title":"should call onChange prop on changing the value"},{"ancestorTitles":["TextField","masking"],"failureMessages":[],"fullName":"TextField masking should render mask if provided with outlined variant","location":null,"status":"passed","title":"should render mask if provided with outlined variant"},{"ancestorTitles":["TextField","masking"],"failureMessages":[],"fullName":"TextField masking should render mask if provided with filled variant","location":null,"status":"passed","title":"should render mask if provided with filled variant"},{"ancestorTitles":["TextField","masking"],"failureMessages":[],"fullName":"TextField masking should render mask if provided with fusion variant","location":null,"status":"passed","title":"should render mask if provided with fusion variant"},{"ancestorTitles":["TextField","masking"],"failureMessages":[],"fullName":"TextField masking should on change on changing the value","location":null,"status":"passed","title":"should on change on changing the value"},{"ancestorTitles":["TextField","masking"],"failureMessages":[],"fullName":"TextField masking should update mask label if mask and input value are same","location":null,"status":"passed","title":"should update mask label if mask and input value are same"},{"ancestorTitles":["TextField","error Validation"],"failureMessages":[],"fullName":"TextField error Validation should render html5 error message on invalid form submission","location":null,"status":"passed","title":"should render html5 error message on invalid form submission"},{"ancestorTitles":["TextField","error Validation"],"failureMessages":[],"fullName":"TextField error Validation should render html5 error message on moving focus out with invalid value","location":null,"status":"passed","title":"should render html5 error message on moving focus out with invalid value"},{"ancestorTitles":["TextField","error Validation"],"failureMessages":[],"fullName":"TextField error Validation should render custom error message if validator function is returning error message","location":null,"status":"passed","title":"should render custom error message if validator function is returning error message"},{"ancestorTitles":["TextField","error Validation"],"failureMessages":[],"fullName":"TextField error Validation should not return error message if it is not returning any message","location":null,"status":"passed","title":"should not return error message if it is not returning any message"},{"ancestorTitles":["TextField","with outlined variant","and with label"],"failureMessages":[],"fullName":"TextField with outlined variant and with label should render default state properly","location":null,"status":"passed","title":"should render default state properly"},{"ancestorTitles":["TextField","with outlined variant","and with label"],"failureMessages":[],"fullName":"TextField with outlined variant and with label should render focus state properly","location":null,"status":"passed","title":"should render focus state properly"},{"ancestorTitles":["TextField","with outlined variant","and with label"],"failureMessages":[],"fullName":"TextField with outlined variant and with label should render disabled state properly","location":null,"status":"passed","title":"should render disabled state properly"},{"ancestorTitles":["TextField","with outlined variant","and without label"],"failureMessages":[],"fullName":"TextField with outlined variant and without label should render default state properly","location":null,"status":"passed","title":"should render default state properly"},{"ancestorTitles":["TextField","with outlined variant","and without label"],"failureMessages":[],"fullName":"TextField with outlined variant and without label should render focus state properly","location":null,"status":"passed","title":"should render focus state properly"},{"ancestorTitles":["TextField","with outlined variant","and without label"],"failureMessages":[],"fullName":"TextField with outlined variant and without label should render disabled state properly","location":null,"status":"passed","title":"should render disabled state properly"},{"ancestorTitles":["TextField","with outlined variant"],"failureMessages":[],"fullName":"TextField with outlined variant should render error state properly ","location":null,"status":"passed","title":"should render error state properly "},{"ancestorTitles":["TextField","with outlined variant"],"failureMessages":[],"fullName":"TextField with outlined variant should render error state properly with a value","location":null,"status":"passed","title":"should render error state properly with a value"},{"ancestorTitles":["TextField","with outlined variant"],"failureMessages":[],"fullName":"TextField with outlined variant should render helper text properly","location":null,"status":"passed","title":"should render helper text properly"},{"ancestorTitles":["TextField","with outlined variant"],"failureMessages":[],"fullName":"TextField with outlined variant should render error text properly","location":null,"status":"passed","title":"should render error text properly"},{"ancestorTitles":["TextField","with outlined variant"],"failureMessages":[],"fullName":"TextField with outlined variant should render properly with multiline","location":null,"status":"passed","title":"should render properly with multiline"},{"ancestorTitles":["TextField","with outlined variant"],"failureMessages":[],"fullName":"TextField with outlined variant should render properly with prefix","location":null,"status":"passed","title":"should render properly with prefix"},{"ancestorTitles":["TextField","with outlined variant"],"failureMessages":[],"fullName":"TextField with outlined variant should render properly with suffix","location":null,"status":"passed","title":"should render properly with suffix"},{"ancestorTitles":["TextField","with filled variant","and with label"],"failureMessages":[],"fullName":"TextField with filled variant and with label should render default state properly","location":null,"status":"passed","title":"should render default state properly"},{"ancestorTitles":["TextField","with filled variant","and with label"],"failureMessages":[],"fullName":"TextField with filled variant and with label should render focus state properly","location":null,"status":"passed","title":"should render focus state properly"},{"ancestorTitles":["TextField","with filled variant","and with label"],"failureMessages":[],"fullName":"TextField with filled variant and with label should render disabled state properly","location":null,"status":"passed","title":"should render disabled state properly"},{"ancestorTitles":["TextField","with filled variant","and without label"],"failureMessages":[],"fullName":"TextField with filled variant and without label should render default state properly","location":null,"status":"passed","title":"should render default state properly"},{"ancestorTitles":["TextField","with filled variant","and without label"],"failureMessages":[],"fullName":"TextField with filled variant and without label should render focus state properly","location":null,"status":"passed","title":"should render focus state properly"},{"ancestorTitles":["TextField","with filled variant","and without label"],"failureMessages":[],"fullName":"TextField with filled variant and without label should render disabled state properly","location":null,"status":"passed","title":"should render disabled state properly"},{"ancestorTitles":["TextField","with filled variant"],"failureMessages":[],"fullName":"TextField with filled variant should render error state properly ","location":null,"status":"passed","title":"should render error state properly "},{"ancestorTitles":["TextField","with filled variant"],"failureMessages":[],"fullName":"TextField with filled variant should render error state properly with a value","location":null,"status":"passed","title":"should render error state properly with a value"},{"ancestorTitles":["TextField","with filled variant"],"failureMessages":[],"fullName":"TextField with filled variant should render helper text properly","location":null,"status":"passed","title":"should render helper text properly"},{"ancestorTitles":["TextField","with filled variant"],"failureMessages":[],"fullName":"TextField with filled variant should render error text properly","location":null,"status":"passed","title":"should render error text properly"},{"ancestorTitles":["TextField","with filled variant"],"failureMessages":[],"fullName":"TextField with filled variant should render properly with multiline","location":null,"status":"passed","title":"should render properly with multiline"},{"ancestorTitles":["TextField","with filled variant"],"failureMessages":[],"fullName":"TextField with filled variant should render properly with prefix","location":null,"status":"passed","title":"should render properly with prefix"},{"ancestorTitles":["TextField","with filled variant"],"failureMessages":[],"fullName":"TextField with filled variant should render properly with suffix","location":null,"status":"passed","title":"should render properly with suffix"},{"ancestorTitles":["TextField","with fusion variant","and with label"],"failureMessages":[],"fullName":"TextField with fusion variant and with label should render default state properly","location":null,"status":"passed","title":"should render default state properly"},{"ancestorTitles":["TextField","with fusion variant","and with label"],"failureMessages":[],"fullName":"TextField with fusion variant and with label should render focus state properly","location":null,"status":"passed","title":"should render focus state properly"},{"ancestorTitles":["TextField","with fusion variant","and with label"],"failureMessages":[],"fullName":"TextField with fusion variant and with label should render disabled state properly","location":null,"status":"passed","title":"should render disabled state properly"},{"ancestorTitles":["TextField","with fusion variant","and without label"],"failureMessages":[],"fullName":"TextField with fusion variant and without label should render default state properly","location":null,"status":"passed","title":"should render default state properly"},{"ancestorTitles":["TextField","with fusion variant","and without label"],"failureMessages":[],"fullName":"TextField with fusion variant and without label should render focus state properly","location":null,"status":"passed","title":"should render focus state properly"},{"ancestorTitles":["TextField","with fusion variant","and without label"],"failureMessages":[],"fullName":"TextField with fusion variant and without label should render disabled state properly","location":null,"status":"passed","title":"should render disabled state properly"},{"ancestorTitles":["TextField","with fusion variant"],"failureMessages":[],"fullName":"TextField with fusion variant should render error state properly ","location":null,"status":"passed","title":"should render error state properly "},{"ancestorTitles":["TextField","with fusion variant"],"failureMessages":[],"fullName":"TextField with fusion variant should render error state properly with a value","location":null,"status":"passed","title":"should render error state properly with a value"},{"ancestorTitles":["TextField","with fusion variant"],"failureMessages":[],"fullName":"TextField with fusion variant should render helper text properly","location":null,"status":"passed","title":"should render helper text properly"},{"ancestorTitles":["TextField","with fusion variant"],"failureMessages":[],"fullName":"TextField with fusion variant should render error text properly","location":null,"status":"passed","title":"should render error text properly"},{"ancestorTitles":["TextField","with fusion variant"],"failureMessages":[],"fullName":"TextField with fusion variant should render properly with multiline","location":null,"status":"passed","title":"should render properly with multiline"},{"ancestorTitles":["TextField","with fusion variant"],"failureMessages":[],"fullName":"TextField with fusion variant should render properly with prefix","location":null,"status":"passed","title":"should render properly with prefix"},{"ancestorTitles":["TextField","with fusion variant"],"failureMessages":[],"fullName":"TextField with fusion variant should render properly with suffix","location":null,"status":"passed","title":"should render properly with suffix"}],"endTime":1623397461416,"message":"","name":"/Users/mukul/workspace/medly-open-source/medly-components/packages/core/src/components/TextField/TextField.test.tsx","startTime":1623397440904,"status":"passed","summary":""},{"assertionResults":[{"ancestorTitles":["Drawer Header Test"],"failureMessages":[],"fullName":"Drawer Header Test should render text if string is passed","location":null,"status":"passed","title":"should render text if string is passed"},{"ancestorTitles":["Drawer Header Test"],"failureMessages":[],"fullName":"Drawer Header Test should render component if its passed","location":null,"status":"passed","title":"should render component if its passed"}],"endTime":1623397461969,"message":"","name":"/Users/mukul/workspace/medly-open-source/medly-components/packages/core/src/components/Drawer/Header/Header.test.tsx","startTime":1623397459486,"status":"passed","summary":""},{"assertionResults":[{"ancestorTitles":["Card Table HeadCell"],"failureMessages":[],"fullName":"Card Table HeadCell should render properly with dark background and dropdown icon by default","location":null,"status":"passed","title":"should render properly with dark background and dropdown icon by default"},{"ancestorTitles":["Card Table HeadCell"],"failureMessages":[],"fullName":"Card Table HeadCell should render properly with light background and dropdown icon by default","location":null,"status":"passed","title":"should render properly with light background and dropdown icon by default"},{"ancestorTitles":["Card Table HeadCell"],"failureMessages":[],"fullName":"Card Table HeadCell should render properly with hover state","location":null,"status":"passed","title":"should render properly with hover state"},{"ancestorTitles":["Card Table HeadCell"],"failureMessages":[],"fullName":"Card Table HeadCell should call onSortChange with asc order when clicked on sorting icon","location":null,"status":"passed","title":"should call onSortChange with asc order when clicked on sorting icon"},{"ancestorTitles":["Card Table HeadCell"],"failureMessages":[],"fullName":"Card Table HeadCell should call onSortChange with desc order when clicked on sorting icon","location":null,"status":"passed","title":"should call onSortChange with desc order when clicked on sorting icon"},{"ancestorTitles":["Card Table HeadCell"],"failureMessages":[],"fullName":"Card Table HeadCell should be able to \"left\" align ","location":null,"status":"passed","title":"should be able to \"left\" align "},{"ancestorTitles":["Card Table HeadCell"],"failureMessages":[],"fullName":"Card Table HeadCell should be able to \"center\" align ","location":null,"status":"passed","title":"should be able to \"center\" align "},{"ancestorTitles":["Card Table HeadCell"],"failureMessages":[],"fullName":"Card Table HeadCell should be able to \"right\" align ","location":null,"status":"passed","title":"should be able to \"right\" align "}],"endTime":1623397464394,"message":"","name":"/Users/mukul/workspace/medly-open-source/medly-components/packages/core/src/components/CardTable/Head/HeadCell/HeadCell.test.tsx","startTime":1623397461481,"status":"passed","summary":""},{"assertionResults":[{"ancestorTitles":["Pagination component"],"failureMessages":[],"fullName":"Pagination component should render correctly with all the default props","location":null,"status":"passed","title":"should render correctly with all the default props"},{"ancestorTitles":["Pagination component"],"failureMessages":[],"fullName":"Pagination component should render correctly when total items is 0","location":null,"status":"passed","title":"should render correctly when total items is 0"},{"ancestorTitles":["Pagination component"],"failureMessages":[],"fullName":"Pagination component should render correctly with all the props given","location":null,"status":"passed","title":"should render correctly with all the props given"},{"ancestorTitles":["Pagination component"],"failureMessages":[],"fullName":"Pagination component should call onClick handler with correct page number when any page link is clicked","location":null,"status":"passed","title":"should call onClick handler with correct page number when any page link is clicked"},{"ancestorTitles":["Pagination component"],"failureMessages":[],"fullName":"Pagination component should call onClick handler with first page when first page is clicked","location":null,"status":"passed","title":"should call onClick handler with first page when first page is clicked"},{"ancestorTitles":["Pagination component"],"failureMessages":[],"fullName":"Pagination component should call onClick handler with last page when last page is clicked","location":null,"status":"passed","title":"should call onClick handler with last page when last page is clicked"},{"ancestorTitles":["Pagination component"],"failureMessages":[],"fullName":"Pagination component should call onClick handler with prev page when prev link is clicked","location":null,"status":"passed","title":"should call onClick handler with prev page when prev link is clicked"},{"ancestorTitles":["Pagination component"],"failureMessages":[],"fullName":"Pagination component should call onClick handler with next page when next link is clicked","location":null,"status":"passed","title":"should call onClick handler with next page when next link is clicked"},{"ancestorTitles":["Pagination component"],"failureMessages":[],"fullName":"Pagination component should call onClick handler with expected page when selected from ellipsis popover","location":null,"status":"passed","title":"should call onClick handler with expected page when selected from ellipsis popover"},{"ancestorTitles":["Pagination component"],"failureMessages":[],"fullName":"Pagination component should not call onClick handler when clicked on active page","location":null,"status":"passed","title":"should not call onClick handler when clicked on active page"}],"endTime":1623397465282,"message":"","name":"/Users/mukul/workspace/medly-open-source/medly-components/packages/core/src/components/Pagination/Pagination.test.tsx","startTime":1623397461981,"status":"passed","summary":""},{"assertionResults":[{"ancestorTitles":["NavItem"],"failureMessages":[],"fullName":"NavItem should render properly when it is showing hide option","location":null,"status":"passed","title":"should render properly when it is showing hide option"},{"ancestorTitles":["NavItem"],"failureMessages":[],"fullName":"NavItem should render properly when it is showing open option","location":null,"status":"passed","title":"should render properly when it is showing open option"},{"ancestorTitles":["NavItem"],"failureMessages":[],"fullName":"NavItem should call onClick when we click on it","location":null,"status":"passed","title":"should call onClick when we click on it"}],"endTime":1623397467198,"message":"","name":"/Users/mukul/workspace/medly-open-source/medly-components/packages/layout/src/components/SideNav/ToggleSwitch/ToggleSwitch.test.tsx","startTime":1623397455934,"status":"passed","summary":""},{"assertionResults":[{"ancestorTitles":["Form Actions"],"failureMessages":[],"fullName":"Form Actions should render default action button","location":null,"status":"passed","title":"should render default action button"},{"ancestorTitles":["Form Actions"],"failureMessages":[],"fullName":"Form Actions should render left aligned actions defined in action schema","location":null,"status":"passed","title":"should render left aligned actions defined in action schema"},{"ancestorTitles":["Form Actions"],"failureMessages":[],"fullName":"Form Actions should render center aligned actions defined in action schema","location":null,"status":"passed","title":"should render center aligned actions defined in action schema"}],"endTime":1623397467580,"message":"","name":"/Users/mukul/workspace/medly-open-source/medly-components/packages/forms/src/components/Actions/Actions.test.tsx","startTime":1623397456692,"status":"passed","summary":""},{"assertionResults":[{"ancestorTitles":["NavItem"],"failureMessages":[],"fullName":"NavItem should render properly when it is in default state","location":null,"status":"passed","title":"should render properly when it is in default state"},{"ancestorTitles":["NavItem"],"failureMessages":[],"fullName":"NavItem should render properly when it is in active state","location":null,"status":"passed","title":"should render properly when it is in active state"},{"ancestorTitles":["NavItem"],"failureMessages":[],"fullName":"NavItem should render properly when it is in hovered state","location":null,"status":"passed","title":"should render properly when it is in hovered state"},{"ancestorTitles":["NavItem"],"failureMessages":[],"fullName":"NavItem should call onChange with expected data","location":null,"status":"passed","title":"should call onChange with expected data"}],"endTime":1623397468489,"message":"","name":"/Users/mukul/workspace/medly-open-source/medly-components/packages/layout/src/components/SideNav/NavItem/NavItem.test.tsx","startTime":1623397456546,"status":"passed","summary":""},{"assertionResults":[{"ancestorTitles":["Toast"],"failureMessages":[],"fullName":"Toast should render properly with error variant","location":null,"status":"passed","title":"should render properly with error variant"},{"ancestorTitles":["Toast"],"failureMessages":[],"fullName":"Toast should render properly with warning variant","location":null,"status":"passed","title":"should render properly with warning variant"},{"ancestorTitles":["Toast"],"failureMessages":[],"fullName":"Toast should render properly with success variant","location":null,"status":"passed","title":"should render properly with success variant"},{"ancestorTitles":["Toast"],"failureMessages":[],"fullName":"Toast should render properly with info variant","location":null,"status":"passed","title":"should render properly with info variant"},{"ancestorTitles":["Toast"],"failureMessages":[],"fullName":"Toast should render properly with fullWidth prop","location":null,"status":"passed","title":"should render properly with fullWidth prop"},{"ancestorTitles":["Toast"],"failureMessages":[],"fullName":"Toast should render header and message text","location":null,"status":"passed","title":"should render header and message text"},{"ancestorTitles":["Toast"],"failureMessages":[],"fullName":"Toast should render custom icons","location":null,"status":"passed","title":"should render custom icons"},{"ancestorTitles":["Toast"],"failureMessages":[],"fullName":"Toast should render action button","location":null,"status":"passed","title":"should render action button"}],"endTime":1623397469242,"message":"","name":"/Users/mukul/workspace/medly-open-source/medly-components/packages/core/src/components/Toast/Toast.test.tsx","startTime":1623397465328,"status":"passed","summary":""},{"assertionResults":[{"ancestorTitles":["ActionBar component"],"failureMessages":[],"fullName":"ActionBar component should render correctly with all the default props","location":null,"status":"passed","title":"should render correctly with all the default props"},{"ancestorTitles":["ActionBar component"],"failureMessages":[],"fullName":"ActionBar component should not render Action bar with passed parameters","location":null,"status":"passed","title":"should not render Action bar with passed parameters"}],"endTime":1623397470868,"message":"","name":"/Users/mukul/workspace/medly-open-source/medly-components/packages/core/src/components/Table/ActionBar/ActionBar.test.tsx","startTime":1623397464415,"status":"passed","summary":""},{"assertionResults":[{"ancestorTitles":["MultiSelect component"],"failureMessages":[],"fullName":"MultiSelect component should render correctly with default props","location":null,"status":"passed","title":"should render correctly with default props"},{"ancestorTitles":["MultiSelect component"],"failureMessages":[],"fullName":"MultiSelect component should render correctly with all the props given","location":null,"status":"passed","title":"should render correctly with all the props given"},{"ancestorTitles":["MultiSelect component"],"failureMessages":[],"fullName":"MultiSelect component should render properly with S size","location":null,"status":"passed","title":"should render properly with S size"},{"ancestorTitles":["MultiSelect component"],"failureMessages":[],"fullName":"MultiSelect component should render properly with M size","location":null,"status":"passed","title":"should render properly with M size"},{"ancestorTitles":["MultiSelect component"],"failureMessages":[],"fullName":"MultiSelect component should show options on click on input","location":null,"status":"passed","title":"should show options on click on input"},{"ancestorTitles":["MultiSelect component"],"failureMessages":[],"fullName":"MultiSelect component should hide options when clicked outside","location":null,"status":"passed","title":"should hide options when clicked outside"},{"ancestorTitles":["MultiSelect component"],"failureMessages":[],"fullName":"MultiSelect component should not render options when clicked outside","location":null,"status":"passed","title":"should not render options when clicked outside"},{"ancestorTitles":["MultiSelect component"],"failureMessages":[],"fullName":"MultiSelect component should call onChange prop on selecting one of the option","location":null,"status":"passed","title":"should call onChange prop on selecting one of the option"},{"ancestorTitles":["MultiSelect component"],"failureMessages":[],"fullName":"MultiSelect component should deselect on click of already selected option","location":null,"status":"passed","title":"should deselect on click of already selected option"},{"ancestorTitles":["MultiSelect component"],"failureMessages":[],"fullName":"MultiSelect component should handle group name click as expected","location":null,"status":"passed","title":"should handle group name click as expected"},{"ancestorTitles":["MultiSelect component"],"failureMessages":[],"fullName":"MultiSelect component should render only matched options when input value changed","location":null,"status":"passed","title":"should render only matched options when input value changed"},{"ancestorTitles":["MultiSelect component"],"failureMessages":[],"fullName":"MultiSelect component should render all the options when input value is not matched to any option","location":null,"status":"passed","title":"should render all the options when input value is not matched to any option"},{"ancestorTitles":["MultiSelect component"],"failureMessages":[],"fullName":"MultiSelect component should close options when clicked outside","location":null,"status":"passed","title":"should close options when clicked outside"},{"ancestorTitles":["MultiSelect component"],"failureMessages":[],"fullName":"MultiSelect component should clear options on click onClear function","location":null,"status":"passed","title":"should clear options on click onClear function"},{"ancestorTitles":["MultiSelect component"],"failureMessages":[],"fullName":"MultiSelect component should show options on input change","location":null,"status":"passed","title":"should show options on input change"},{"ancestorTitles":["MultiSelect component"],"failureMessages":[],"fullName":"MultiSelect component should not show options if options are hidden","location":null,"status":"passed","title":"should not show options if options are hidden"},{"ancestorTitles":["MultiSelect component"],"failureMessages":[],"fullName":"MultiSelect component should maintain focus even on blur of input","location":null,"status":"passed","title":"should maintain focus even on blur of input"},{"ancestorTitles":["MultiSelect component"],"failureMessages":[],"fullName":"MultiSelect component should make input required if options.length is zero and multiSelect is required","location":null,"status":"passed","title":"should make input required if options.length is zero and multiSelect is required"},{"ancestorTitles":["MultiSelect component"],"failureMessages":[],"fullName":"MultiSelect component should render with passed error text","location":null,"status":"passed","title":"should render with passed error text"},{"ancestorTitles":["MultiSelect component"],"failureMessages":[],"fullName":"MultiSelect component should make input read-only when required is false along with isSearchable","location":null,"status":"passed","title":"should make input read-only when required is false along with isSearchable"},{"ancestorTitles":["MultiSelect component"],"failureMessages":[],"fullName":"MultiSelect component should call validator with error message","location":null,"status":"passed","title":"should call validator with error message"},{"ancestorTitles":["MultiSelect component"],"failureMessages":[],"fullName":"MultiSelect component should call validator on option click if validator is passed","location":null,"status":"passed","title":"should call validator on option click if validator is passed"}],"endTime":1623397471740,"message":"","name":"/Users/mukul/workspace/medly-open-source/medly-components/packages/core/src/components/MultiSelect/MultiSelect.test.tsx","startTime":1623397440953,"status":"passed","summary":""},{"assertionResults":[{"ancestorTitles":["Pagination popup component"],"failureMessages":[],"fullName":"Pagination popup component should render correctly with all the default props","location":null,"status":"passed","title":"should render correctly with all the default props"},{"ancestorTitles":["Pagination popup component"],"failureMessages":[],"fullName":"Pagination popup component should call onClick handler with expected page when selected from ellipsis popover","location":null,"status":"passed","title":"should call onClick handler with expected page when selected from ellipsis popover"}],"endTime":1623397472190,"message":"","name":"/Users/mukul/workspace/medly-open-source/medly-components/packages/core/src/components/Pagination/PaginationPopup/PaginationPopup.test.tsx","startTime":1623397468546,"status":"passed","summary":""},{"assertionResults":[{"ancestorTitles":["Radio Group"],"failureMessages":[],"fullName":"Radio Group should render properly","location":null,"status":"passed","title":"should render properly"},{"ancestorTitles":["Radio Group"],"failureMessages":[],"fullName":"Radio Group should render disabled state properly","location":null,"status":"passed","title":"should render disabled state properly"},{"ancestorTitles":["Radio Group"],"failureMessages":[],"fullName":"Radio Group should be able to render error text","location":null,"status":"passed","title":"should be able to render error text"},{"ancestorTitles":["Radio Group"],"failureMessages":[],"fullName":"Radio Group should call onChange prop with selected option","location":null,"status":"passed","title":"should call onChange prop with selected option"},{"ancestorTitles":["Radio Group"],"failureMessages":[],"fullName":"Radio Group should show the html5 form validation on error","location":null,"status":"passed","title":"should show the html5 form validation on error"},{"ancestorTitles":["Radio Group"],"failureMessages":[],"fullName":"Radio Group should call validator function on blur","location":null,"status":"passed","title":"should call validator function on blur"}],"endTime":1623397472407,"message":"","name":"/Users/mukul/workspace/medly-open-source/medly-components/packages/core/src/components/RadioGroup/RadioGroup.test.tsx","startTime":1623397469271,"status":"passed","summary":""},{"assertionResults":[{"ancestorTitles":["Checkbox component","should render correctly with checked true"],"failureMessages":[],"fullName":"Checkbox component should render correctly with checked true and indeterminate state","location":null,"status":"passed","title":"and indeterminate state"},{"ancestorTitles":["Checkbox component","should render correctly with checked true"],"failureMessages":[],"fullName":"Checkbox component should render correctly with checked true and active state","location":null,"status":"passed","title":"and active state"},{"ancestorTitles":["Checkbox component","should render correctly with checked true"],"failureMessages":[],"fullName":"Checkbox component should render correctly with checked true and disabled state","location":null,"status":"passed","title":"and disabled state"},{"ancestorTitles":["Checkbox component","should render correctly with checked true"],"failureMessages":[],"fullName":"Checkbox component should render correctly with checked true and hasError state","location":null,"status":"passed","title":"and hasError state"},{"ancestorTitles":["Checkbox component","should render correctly with checked false"],"failureMessages":[],"fullName":"Checkbox component should render correctly with checked false and indeterminate state","location":null,"status":"passed","title":"and indeterminate state"},{"ancestorTitles":["Checkbox component","should render correctly with checked false"],"failureMessages":[],"fullName":"Checkbox component should render correctly with checked false and active state","location":null,"status":"passed","title":"and active state"},{"ancestorTitles":["Checkbox component","should render correctly with checked false"],"failureMessages":[],"fullName":"Checkbox component should render correctly with checked false and disabled state","location":null,"status":"passed","title":"and disabled state"},{"ancestorTitles":["Checkbox component","should render correctly with checked false"],"failureMessages":[],"fullName":"Checkbox component should render correctly with checked false and hasError state","location":null,"status":"passed","title":"and hasError state"},{"ancestorTitles":["Checkbox component"],"failureMessages":[],"fullName":"Checkbox component should render correctly with left labelPosition","location":null,"status":"passed","title":"should render correctly with left labelPosition"},{"ancestorTitles":["Checkbox component"],"failureMessages":[],"fullName":"Checkbox component should render correctly with right labelPosition","location":null,"status":"passed","title":"should render correctly with right labelPosition"},{"ancestorTitles":["Checkbox component"],"failureMessages":[],"fullName":"Checkbox component should render correctly with top labelPosition","location":null,"status":"passed","title":"should render correctly with top labelPosition"},{"ancestorTitles":["Checkbox component"],"failureMessages":[],"fullName":"Checkbox component should render correctly with bottom labelPosition","location":null,"status":"passed","title":"should render correctly with bottom labelPosition"},{"ancestorTitles":["Checkbox component"],"failureMessages":[],"fullName":"Checkbox component should render properly with fullWidth and \"top\" labelPosition","location":null,"status":"passed","title":"should render properly with fullWidth and \"top\" labelPosition"},{"ancestorTitles":["Checkbox component"],"failureMessages":[],"fullName":"Checkbox component should render properly with fullWidth and \"bottom\" labelPosition","location":null,"status":"passed","title":"should render properly with fullWidth and \"bottom\" labelPosition"},{"ancestorTitles":["Checkbox component"],"failureMessages":[],"fullName":"Checkbox component should call onChange handler on click on checkbox","location":null,"status":"passed","title":"should call onChange handler on click on checkbox"},{"ancestorTitles":["Checkbox component"],"failureMessages":[],"fullName":"Checkbox component should show error text if provided","location":null,"status":"passed","title":"should show error text if provided"},{"ancestorTitles":["Checkbox component"],"failureMessages":[],"fullName":"Checkbox component should call validator function on blur event","location":null,"status":"passed","title":"should call validator function on blur event"},{"ancestorTitles":["Checkbox component"],"failureMessages":[],"fullName":"Checkbox component should show the html5 error validation message on error","location":null,"status":"passed","title":"should show the html5 error validation message on error"}],"endTime":1623397472466,"message":"","name":"/Users/mukul/workspace/medly-open-source/medly-components/packages/core/src/components/Checkbox/checkbox.test.tsx","startTime":1623397467448,"status":"passed","summary":""},{"assertionResults":[{"ancestorTitles":["DatePicker component"],"failureMessages":[],"fullName":"DatePicker component should render properly when value is null","location":null,"status":"passed","title":"should render properly when value is null"},{"ancestorTitles":["DatePicker component"],"failureMessages":[],"fullName":"DatePicker component should render properly when value is of date type","location":null,"status":"passed","title":"should render properly when value is of date type"},{"ancestorTitles":["DatePicker component"],"failureMessages":[],"fullName":"DatePicker component should render properly when value is of string type","location":null,"status":"passed","title":"should render properly when value is of string type"},{"ancestorTitles":["DatePicker component","popover placement"],"failureMessages":[],"fullName":"DatePicker component popover placement should render properly with \"top-start\" position","location":null,"status":"passed","title":"should render properly with \"top-start\" position"},{"ancestorTitles":["DatePicker component","popover placement"],"failureMessages":[],"fullName":"DatePicker component popover placement should render properly with \"top\" position","location":null,"status":"passed","title":"should render properly with \"top\" position"},{"ancestorTitles":["DatePicker component","popover placement"],"failureMessages":[],"fullName":"DatePicker component popover placement should render properly with \"top-end\" position","location":null,"status":"passed","title":"should render properly with \"top-end\" position"},{"ancestorTitles":["DatePicker component","popover placement"],"failureMessages":[],"fullName":"DatePicker component popover placement should render properly with \"right-start\" position","location":null,"status":"passed","title":"should render properly with \"right-start\" position"},{"ancestorTitles":["DatePicker component","popover placement"],"failureMessages":[],"fullName":"DatePicker component popover placement should render properly with \"right\" position","location":null,"status":"passed","title":"should render properly with \"right\" position"},{"ancestorTitles":["DatePicker component","popover placement"],"failureMessages":[],"fullName":"DatePicker component popover placement should render properly with \"right-end\" position","location":null,"status":"passed","title":"should render properly with \"right-end\" position"},{"ancestorTitles":["DatePicker component","popover placement"],"failureMessages":[],"fullName":"DatePicker component popover placement should render properly with \"bottom-start\" position","location":null,"status":"passed","title":"should render properly with \"bottom-start\" position"},{"ancestorTitles":["DatePicker component","popover placement"],"failureMessages":[],"fullName":"DatePicker component popover placement should render properly with \"bottom\" position","location":null,"status":"passed","title":"should render properly with \"bottom\" position"},{"ancestorTitles":["DatePicker component","popover placement"],"failureMessages":[],"fullName":"DatePicker component popover placement should render properly with \"bottom-end\" position","location":null,"status":"passed","title":"should render properly with \"bottom-end\" position"},{"ancestorTitles":["DatePicker component","popover placement"],"failureMessages":[],"fullName":"DatePicker component popover placement should render properly with \"left-end\" position","location":null,"status":"passed","title":"should render properly with \"left-end\" position"},{"ancestorTitles":["DatePicker component","popover placement"],"failureMessages":[],"fullName":"DatePicker component popover placement should render properly with \"left\" position","location":null,"status":"passed","title":"should render properly with \"left\" position"},{"ancestorTitles":["DatePicker component","popover placement"],"failureMessages":[],"fullName":"DatePicker component popover placement should render properly with \"left-start\" position","location":null,"status":"passed","title":"should render properly with \"left-start\" position"},{"ancestorTitles":["DatePicker component","calendar"],"failureMessages":[],"fullName":"DatePicker component calendar should show calendar on click on icon","location":null,"status":"passed","title":"should show calendar on click on icon"},{"ancestorTitles":["DatePicker component","calendar"],"failureMessages":[],"fullName":"DatePicker component calendar should not show calendar on click on icon if is disabled prop is passes","location":null,"status":"passed","title":"should not show calendar on click on icon if is disabled prop is passes"},{"ancestorTitles":["DatePicker component","calendar"],"failureMessages":[],"fullName":"DatePicker component calendar should hide calendar on click outside of the component","location":null,"status":"passed","title":"should hide calendar on click outside of the component"},{"ancestorTitles":["DatePicker component","calendar icon"],"failureMessages":[],"fullName":"DatePicker component calendar icon should show calendar icon when showCalendarIcon prop is true","location":null,"status":"passed","title":"should show calendar icon when showCalendarIcon prop is true"},{"ancestorTitles":["DatePicker component","calendar icon"],"failureMessages":[],"fullName":"DatePicker component calendar icon should not show calendar icon when showCalendarIcon prop is true","location":null,"status":"passed","title":"should not show calendar icon when showCalendarIcon prop is true"},{"ancestorTitles":["DatePicker component","on text change"],"failureMessages":[],"fullName":"DatePicker component on text change should change call onChange with expected date","location":null,"status":"passed","title":"should change call onChange with expected date"},{"ancestorTitles":["DatePicker component","on text change"],"failureMessages":[],"fullName":"DatePicker component on text change should render error if typed date is out of range","location":null,"status":"passed","title":"should render error if typed date is out of range"},{"ancestorTitles":["DatePicker component","on text change"],"failureMessages":[],"fullName":"DatePicker component on text change should call onChange with null if typed date is invalid","location":null,"status":"passed","title":"should call onChange with null if typed date is invalid"},{"ancestorTitles":["DatePicker component","error messages"],"failureMessages":[],"fullName":"DatePicker component error messages should return error when value is empty and field is required","location":null,"status":"passed","title":"should return error when value is empty and field is required"},{"ancestorTitles":["DatePicker component","error messages"],"failureMessages":[],"fullName":"DatePicker component error messages should return error message if date entered is incomplete","location":null,"status":"passed","title":"should return error message if date entered is incomplete"},{"ancestorTitles":["DatePicker component","error messages"],"failureMessages":[],"fullName":"DatePicker component error messages should return validator error message if given","location":null,"status":"passed","title":"should return validator error message if given"},{"ancestorTitles":["DatePicker component","Handlers"],"failureMessages":[],"fullName":"DatePicker component Handlers should call onChange on selecting date","location":null,"status":"passed","title":"should call onChange on selecting date"},{"ancestorTitles":["DatePicker component","Handlers"],"failureMessages":[],"fullName":"DatePicker component Handlers should call focus and blur handlers if passed","location":null,"status":"passed","title":"should call focus and blur handlers if passed"},{"ancestorTitles":["DatePicker component","Handlers"],"failureMessages":[],"fullName":"DatePicker component Handlers should call invalid handler if passed","location":null,"status":"passed","title":"should call invalid handler if passed"},{"ancestorTitles":["DatePicker component","Styles"],"failureMessages":[],"fullName":"DatePicker component Styles should change the margin and width if full-width is passed as prop","location":null,"status":"passed","title":"should change the margin and width if full-width is passed as prop"},{"ancestorTitles":["DatePicker component","Styles"],"failureMessages":[],"fullName":"DatePicker component Styles should change the size of datepicker based on size prop","location":null,"status":"passed","title":"should change the size of datepicker based on size prop"}],"endTime":1623397472643,"message":"","name":"/Users/mukul/workspace/medly-open-source/medly-components/packages/core/src/components/DatePicker/DatePicker.test.tsx","startTime":1623397440867,"status":"passed","summary":""},{"assertionResults":[{"ancestorTitles":["Button component","with \"solid\" variant"],"failureMessages":[],"fullName":"Button component with \"solid\" variant should render properly","location":null,"status":"passed","title":"should render properly"},{"ancestorTitles":["Button component","with \"solid\" variant"],"failureMessages":[],"fullName":"Button component with \"solid\" variant should render properly when it is disabled","location":null,"status":"passed","title":"should render properly when it is disabled"},{"ancestorTitles":["Button component","with \"solid\" variant"],"failureMessages":[],"fullName":"Button component with \"solid\" variant should render properly when it is loading","location":null,"status":"passed","title":"should render properly when it is loading"},{"ancestorTitles":["Button component","with \"solid\" variant"],"failureMessages":[],"fullName":"Button component with \"solid\" variant should render properly with \"S\" size","location":null,"status":"passed","title":"should render properly with \"S\" size"},{"ancestorTitles":["Button component","with \"solid\" variant"],"failureMessages":[],"fullName":"Button component with \"solid\" variant should render properly with \"M\" size","location":null,"status":"passed","title":"should render properly with \"M\" size"},{"ancestorTitles":["Button component","with \"solid\" variant"],"failureMessages":[],"fullName":"Button component with \"solid\" variant should render properly with \"L\" size","location":null,"status":"passed","title":"should render properly with \"L\" size"},{"ancestorTitles":["Button component","with \"outlined\" variant"],"failureMessages":[],"fullName":"Button component with \"outlined\" variant should render properly","location":null,"status":"passed","title":"should render properly"},{"ancestorTitles":["Button component","with \"outlined\" variant"],"failureMessages":[],"fullName":"Button component with \"outlined\" variant should render properly when it is disabled","location":null,"status":"passed","title":"should render properly when it is disabled"},{"ancestorTitles":["Button component","with \"outlined\" variant"],"failureMessages":[],"fullName":"Button component with \"outlined\" variant should render properly when it is loading","location":null,"status":"passed","title":"should render properly when it is loading"},{"ancestorTitles":["Button component","with \"outlined\" variant"],"failureMessages":[],"fullName":"Button component with \"outlined\" variant should render properly with \"S\" size","location":null,"status":"passed","title":"should render properly with \"S\" size"},{"ancestorTitles":["Button component","with \"outlined\" variant"],"failureMessages":[],"fullName":"Button component with \"outlined\" variant should render properly with \"M\" size","location":null,"status":"passed","title":"should render properly with \"M\" size"},{"ancestorTitles":["Button component","with \"outlined\" variant"],"failureMessages":[],"fullName":"Button component with \"outlined\" variant should render properly with \"L\" size","location":null,"status":"passed","title":"should render properly with \"L\" size"},{"ancestorTitles":["Button component","with \"flat\" variant"],"failureMessages":[],"fullName":"Button component with \"flat\" variant should render properly","location":null,"status":"passed","title":"should render properly"},{"ancestorTitles":["Button component","with \"flat\" variant"],"failureMessages":[],"fullName":"Button component with \"flat\" variant should render properly when it is disabled","location":null,"status":"passed","title":"should render properly when it is disabled"},{"ancestorTitles":["Button component","with \"flat\" variant"],"failureMessages":[],"fullName":"Button component with \"flat\" variant should render properly when it is loading","location":null,"status":"passed","title":"should render properly when it is loading"},{"ancestorTitles":["Button component","with \"flat\" variant"],"failureMessages":[],"fullName":"Button component with \"flat\" variant should render properly with \"S\" size","location":null,"status":"passed","title":"should render properly with \"S\" size"},{"ancestorTitles":["Button component","with \"flat\" variant"],"failureMessages":[],"fullName":"Button component with \"flat\" variant should render properly with \"M\" size","location":null,"status":"passed","title":"should render properly with \"M\" size"},{"ancestorTitles":["Button component","with \"flat\" variant"],"failureMessages":[],"fullName":"Button component with \"flat\" variant should render properly with \"L\" size","location":null,"status":"passed","title":"should render properly with \"L\" size"},{"ancestorTitles":["Button component"],"failureMessages":[],"fullName":"Button component should render properly with S size and loading state","location":null,"status":"passed","title":"should render properly with S size and loading state"},{"ancestorTitles":["Button component"],"failureMessages":[],"fullName":"Button component should render properly with L size and loading state","location":null,"status":"passed","title":"should render properly with L size and loading state"},{"ancestorTitles":["Button component"],"failureMessages":[],"fullName":"Button component should render properly with \"square\" edges","location":null,"status":"passed","title":"should render properly with \"square\" edges"},{"ancestorTitles":["Button component"],"failureMessages":[],"fullName":"Button component should render properly with \"rounded\" edges","location":null,"status":"passed","title":"should render properly with \"rounded\" edges"},{"ancestorTitles":["Button component"],"failureMessages":[],"fullName":"Button component should render properly with \"circle\" edges","location":null,"status":"passed","title":"should render properly with \"circle\" edges"},{"ancestorTitles":["Button component"],"failureMessages":[],"fullName":"Button component should render properly with circle edges and S size","location":null,"status":"passed","title":"should render properly with circle edges and S size"},{"ancestorTitles":["Button component"],"failureMessages":[],"fullName":"Button component should render properly with any icon at the beginning of the text","location":null,"status":"passed","title":"should render properly with any icon at the beginning of the text"},{"ancestorTitles":["Button component"],"failureMessages":[],"fullName":"Button component should render properly with any icon at the end of the text","location":null,"status":"passed","title":"should render properly with any icon at the end of the text"},{"ancestorTitles":["Button component"],"failureMessages":[],"fullName":"Button component should wrap children into Text component when rendering string or number","location":null,"status":"passed","title":"should wrap children into Text component when rendering string or number"},{"ancestorTitles":["Button component"],"failureMessages":[],"fullName":"Button component should render with 100% width if fullWidth prop is truthy","location":null,"status":"passed","title":"should render with 100% width if fullWidth prop is truthy"},{"ancestorTitles":["Button component"],"failureMessages":[],"fullName":"Button component should render properly with outlined and theme doesn't have bgColor","location":null,"status":"passed","title":"should render properly with outlined and theme doesn't have bgColor"}],"endTime":1623397473069,"message":"","name":"/Users/mukul/workspace/medly-open-source/medly-components/packages/core/src/components/Button/Button.test.tsx","startTime":1623397467673,"status":"passed","summary":""},{"assertionResults":[{"ancestorTitles":["Card Table Head"],"failureMessages":[],"fullName":"Card Table Head should render properly with dark background","location":null,"status":"passed","title":"should render properly with dark background"},{"ancestorTitles":["Card Table Head"],"failureMessages":[],"fullName":"Card Table Head should render properly with light background","location":null,"status":"passed","title":"should render properly with light background"},{"ancestorTitles":["Card Table Head"],"failureMessages":[],"fullName":"Card Table Head should call onSort when clicked on sorting icon","location":null,"status":"passed","title":"should call onSort when clicked on sorting icon"}],"endTime":1623397474904,"message":"","name":"/Users/mukul/workspace/medly-open-source/medly-components/packages/core/src/components/CardTable/Head/Head.test.tsx","startTime":1623397472228,"status":"passed","summary":""},{"assertionResults":[{"ancestorTitles":["Cell"],"failureMessages":[],"fullName":"Cell should render text properly","location":null,"status":"passed","title":"should render text properly"},{"ancestorTitles":["Cell"],"failureMessages":[],"fullName":"Cell should render frozen text properly","location":null,"status":"passed","title":"should render frozen text properly"},{"ancestorTitles":["Cell"],"failureMessages":[],"fullName":"Cell should not render text if hidden property is given","location":null,"status":"passed","title":"should not render text if hidden property is given"},{"ancestorTitles":["Cell"],"failureMessages":[],"fullName":"Cell should render checkbox properly","location":null,"status":"passed","title":"should render checkbox properly"},{"ancestorTitles":["Cell"],"failureMessages":[],"fullName":"Cell should render tooltip properly","location":null,"status":"passed","title":"should render tooltip properly"}],"endTime":1623397475164,"message":"","name":"/Users/mukul/workspace/medly-open-source/medly-components/packages/core/src/components/Table/Body/Cell/Cell.test.tsx","startTime":1623397472512,"status":"passed","summary":""},{"assertionResults":[{"ancestorTitles":["Drawer component"],"failureMessages":[],"fullName":"Drawer component should render properly with left positioned","location":null,"status":"passed","title":"should render properly with left positioned"},{"ancestorTitles":["Drawer component"],"failureMessages":[],"fullName":"Drawer component should render properly with right positioned","location":null,"status":"passed","title":"should render properly with right positioned"},{"ancestorTitles":["Drawer component"],"failureMessages":[],"fullName":"Drawer component should not show overlay background color if withOverlay passed as false","location":null,"status":"passed","title":"should not show overlay background color if withOverlay passed as false"},{"ancestorTitles":["Drawer component"],"failureMessages":[],"fullName":"Drawer component should close drawer component on click on close icon","location":null,"status":"passed","title":"should close drawer component on click on close icon"},{"ancestorTitles":["Drawer component"],"failureMessages":[],"fullName":"Drawer component should close drawer component on esc key press","location":null,"status":"passed","title":"should close drawer component on esc key press"},{"ancestorTitles":["Drawer component"],"failureMessages":[],"fullName":"Drawer component should render footer element left aligned","location":null,"status":"passed","title":"should render footer element left aligned"},{"ance
[...]
{"line":23,"column":76},"end":{"line":23,"column":129}}],"line":23},"2":{"loc":{"start":{"line":23,"column":99},"end":{"line":23,"column":128}},"type":"binary-expr","locations":[{"start":{"line":23,"column":99},"end":{"line":23,"column":112}},{"start":{"line":23,"column":116},"end":{"line":23,"column":128}}],"line":23},"3":{"loc":{"start":{"line":24,"column":21},"end":{"line":24,"column":127}},"type":"cond-expr","locations":[{"start":{"line":24,"column":32},"end":{"line":24,"column":119}},{"start":{"line":24,"column":123},"end":{"line":24,"column":127}}],"line":24},"4":{"loc":{"start":{"line":24,"column":32},"end":{"line":24,"column":119}},"type":"cond-expr","locations":[{"start":{"line":24,"column":58},"end":{"line":24,"column":65}},{"start":{"line":24,"column":68},"end":{"line":24,"column":119}}],"line":24},"5":{"loc":{"start":{"line":24,"column":89},"end":{"line":24,"column":118}},"type":"binary-expr","locations":[{"start":{"line":24,"column":89},"end":{"line":24,"column":102}},{"start":{"line":24,"column":106},"end":{"line":24,"column":118}}],"line":24},"6":{"loc":{"start":{"line":32,"column":12},"end":{"line":32,"column":37}},"type":"binary-expr","locations":[{"start":{"line":32,"column":12},"end":{"line":32,"column":19}},{"start":{"line":32,"column":23},"end":{"line":32,"column":37}}],"line":32},"7":{"loc":{"start":{"line":51,"column":12},"end":{"line":51,"column":37}},"type":"binary-expr","locations":[{"start":{"line":51,"column":12},"end":{"line":51,"column":19}},{"start":{"line":51,"column":23},"end":{"line":51,"column":37}}],"line":51},"8":{"loc":{"start":{"line":92,"column":48},"end":{"line":92,"column":105}},"type":"cond-expr","locations":[{"start":{"line":92,"column":56},"end":{"line":92,"column":100}},{"start":{"line":92,"column":103},"end":{"line":92,"column":105}}],"line":92},"9":{"loc":{"start":{"line":92,"column":70},"end":{"line":92,"column":99}},"type":"binary-expr","locations":[{"start":{"line":92,"column":70},"end":{"line":92,"column":83}},{"start":{"line":92,"column":87},"end":{"line":92,"column":99}}],"line":92},"10":{"loc":{"start":{"line":101,"column":39},"end":{"line":101,"column":116}},"type":"cond-expr","locations":[{"start":{"line":101,"column":57},"end":{"line":101,"column":111}},{"start":{"line":101,"column":114},"end":{"line":101,"column":116}}],"line":101},"11":{"loc":{"start":{"line":101,"column":81},"end":{"line":101,"column":110}},"type":"binary-expr","locations":[{"start":{"line":101,"column":81},"end":{"line":101,"column":94}},{"start":{"line":101,"column":98},"end":{"line":101,"column":110}}],"line":101},"12":{"loc":{"start":{"line":102,"column":37},"end":{"line":102,"column":110}},"type":"cond-expr","locations":[{"start":{"line":102,"column":53},"end":{"line":102,"column":105}},{"start":{"line":102,"column":108},"end":{"line":102,"column":110}}],"line":102},"13":{"loc":{"start":{"line":102,"column":75},"end":{"line":102,"column":104}},"type":"binary-expr","locations":[{"start":{"line":102,"column":75},"end":{"line":102,"column":88}},{"start":{"line":102,"column":92},"end":{"line":102,"column":104}}],"line":102},"14":{"loc":{"start":{"line":110,"column":12},"end":{"line":112,"column":63}},"type":"cond-expr","locations":[{"start":{"line":111,"column":18},"end":{"line":111,"column":95}},{"start":{"line":112,"column":18},"end":{"line":112,"column":63}}],"line":110}},"s":{"0":1,"1":58,"2":58,"3":58,"4":58,"5":0,"6":58,"7":18,"8":18,"9":58,"10":15,"11":58,"12":87,"13":18,"14":18,"15":58,"16":58,"17":5,"18":5,"19":58,"20":14,"21":1,"22":1,"23":1,"24":1,"25":1,"26":1,"27":58,"28":21,"29":5,"30":5,"31":5,"32":58,"33":15,"34":3,"35":3,"36":3,"37":58,"38":10,"39":2,"40":2,"41":58,"42":10,"43":2,"44":2,"45":58,"46":5,"47":1,"48":1,"49":1,"50":58,"51":7,"52":3,"53":3,"54":58,"55":8,"56":7,"57":7,"58":58,"59":5,"60":1,"61":1,"62":1,"63":58},"f":{"0":58,"1":0,"2":18,"3":18,"4":15,"5":87,"6":18,"7":58,"8":5,"9":14,"10":1,"11":1,"12":21,"13":5,"14":5,"15":15,"16":3,"17":3,"18":10,"19":2,"20":2,"21":10,"22":2,"23":2,"24":5,"25":1,"26":1,"27":7,"28":3,"29":3,"30":8,"31":7,"32":7,"33":5,"34":1,"35":1,"36":1},"b":{"0":[13,2],"1":[2,11],"2":[11,2],"3":[12,3],"4":[2,10],"5":[10,2],"6":[18,1],"7":[1,1],"8":[3,0],"9":[3,1],"10":[7,0],"11":[7,2],"12":[6,1],"13":[6,2],"14":[0,1]},"_coverageSchema":"1a1c01bbd47fc00a2c39e90264f33305004495a9","hash":"0f8bb33f7700a8bf59bb8a46f24e6c4eb15e939f"},"/Users/mukul/workspace/medly-open-source/medly-components/packages/forms/src/components/Fields/Fields.styled.tsx":{"path":"/Users/mukul/workspace/medly-open-source/medly-components/packages/forms/src/components/Fields/Fields.styled.tsx","statementMap":{"0":{"start":{"line":5,"column":28},"end":{"line":13,"column":1}},"1":{"start":{"line":6,"column":39},"end":{"line":6,"column":49}},"2":{"start":{"line":7,"column":33},"end":{"line":7,"column":40}},"3":{"start":{"line":14,"column":0},"end":{"line":16,"column":2}},"4":{"start":{"line":18,"column":22},"end":{"line":21,"column":1}},"5":{"start":{"line":23,"column":26},"end":{"line":25,"column":1}}},"fnMap":{"0":{"name":"(anonymous_0)","decl":{"start":{"line":6,"column":19},"end":{"line":6,"column":20}},"loc":{"start":{"line":6,"column":39},"end":{"line":6,"column":49}},"line":6},"1":{"name":"(anonymous_1)","decl":{"start":{"line":7,"column":16},"end":{"line":7,"column":17}},"loc":{"start":{"line":7,"column":33},"end":{"line":7,"column":40}},"line":7}},"branchMap":{},"s":{"0":1,"1":414,"2":414,"3":1,"4":1,"5":1},"f":{"0":414,"1":414},"b":{},"_coverageSchema":"1a1c01bbd47fc00a2c39e90264f33305004495a9","hash":"d49d2a8d6035f32d79274215fead47cd973573c5"},"/Users/mukul/workspace/medly-open-source/medly-components/packages/forms/src/components/Fields/Fields.components.tsx":{"path":"/Users/mukul/workspace/medly-open-source/medly-components/packages/forms/src/components/Fields/Fields.components.tsx","statementMap":{"0":{"start":{"line":28,"column":39},"end":{"line":213,"column":2}},"1":{"start":{"line":29,"column":85},"end":{"line":29,"column":90}},"2":{"start":{"line":31,"column":4},"end":{"line":212,"column":6}},"3":{"start":{"line":36,"column":71},"end":{"line":36,"column":82}},"4":{"start":{"line":37,"column":35},"end":{"line":37,"column":76}},"5":{"start":{"line":38,"column":31},"end":{"line":38,"column":72}},"6":{"start":{"line":39,"column":32},"end":{"line":39,"column":44}},"7":{"start":{"line":41,"column":40},"end":{"line":51,"column":21}},"8":{"start":{"line":53,"column":20},"end":{"line":71,"column":21}},"9":{"start":{"line":54,"column":24},"end":{"line":70,"column":26}},"10":{"start":{"line":73,"column":20},"end":{"line":208,"column":22}},"11":{"start":{"line":76,"column":32},"end":{"line":205,"column":33}},"12":{"start":{"line":80,"column":40},"end":{"line":88,"column":42}},"13":{"start":{"line":91,"column":40},"end":{"line":99,"column":42}},"14":{"start":{"line":102,"column":40},"end":{"line":107,"column":42}},"15":{"start":{"line":110,"column":40},"end":{"line":118,"column":42}},"16":{"start":{"line":121,"column":40},"end":{"line":130,"column":42}},"17":{"start":{"line":133,"column":40},"end":{"line":142,"column":42}},"18":{"start":{"line":145,"column":40},"end":{"line":154,"column":42}},"19":{"start":{"line":157,"column":40},"end":{"line":166,"column":42}},"20":{"start":{"line":169,"column":40},"end":{"line":181,"column":42}},"21":{"start":{"line":184,"column":40},"end":{"line":201,"column":42}},"22":{"start":{"line":204,"column":40},"end":{"line":204,"column":52}},"23":{"start":{"line":215,"column":0},"end":{"line":215,"column":30}},"24":{"start":{"line":216,"column":0},"end":{"line":221,"column":2}}},"fnMap":{"0":{"name":"(anonymous_0)","decl":{"start":{"line":28,"column":50},"end":{"line":28,"column":51}},"loc":{"start":{"line":28,"column":59},"end":{"line":213,"column":1}},"line":28},"1":{"name":"(anonymous_1)","decl":{"start":{"line":34,"column":41},"end":{"line":34,"column":42}},"loc":{"start":{"line":34,"column":48},"end":{"line":209,"column":17}},"line":34},"2":{"name":"(anonymous_2)","decl":{"start":{"line":75,"column":30},"end":{"line":75,"column":31}},"loc":{"start":{"line":75,"column":36},"end":{"line":206,"column":29}},"line":75}},"branchMap":{"0":{"loc":{"start":{"line":32,"column":8},"end":{"line":211,"column":9}},"type":"binary-expr","locations":[{"start":{"line":32,"column":8},"end":{"line":32,"column":14}},{"start":{"line":33,"column":12},"end":{"line":210,"column":15}}],"line":32},"1":{"loc":{"start":{"line":37,"column":35},"end":{"line":37,"column":76}},"type":"binary-expr","locations":[{"start":{"line":37,"column":35},"end":{"line":37,"column":49}},{"start":{"line":37,"column":53},"end":{"line":37,"column":76}}],"line":37},"2":{"loc":{"start":{"line":38,"column":31},"end":{"line":38,"column":72}},"type":"cond-expr","locations":[{"start":{"line":38,"column":44},"end":{"line":38,"column":66}},{"start":{"line":38,"column":69},"end":{"line":38,"column":72}}],"line":38},"3":{"loc":{"start":{"line":49,"column":37},"end":{"line":49,"column":106}},"type":"binary-expr","locations":[{"start":{"line":49,"column":37},"end":{"line":49,"column":56}},{"start":{"line":49,"column":60},"end":{"line":49,"column":106}}],"line":49},"4":{"loc":{"start":{"line":50,"column":42},"end":{"line":50,"column":70}},"type":"binary-expr","locations":[{"start":{"line":50,"column":42},"end":{"line":50,"column":61}},{"start":{"line":50,"column":65},"end":{"line":50,"column":70}}],"line":50},"5":{"loc":{"start":{"line":53,"column":20},"end":{"line":71,"column":21}},"type":"if","locations":[{"start":{"line":53,"column":20},"end":{"line":71,"column":21}},{"start":{"line":53,"column":20},"end":{"line":71,"column":21}}],"line":53},"6":{"loc":{"start":{"line":56,"column":33},"end":{"line":58,"column":33}},"type":"binary-expr","locations":[{"start":{"line":56,"column":33},"end":{"line":56,"column":71}},{"start":{"line":57,"column":36},"end":{"line":57,"column":110}}],"line":56},"7":{"loc":{"start":{"line":59,"column":33},"end":{"line":59,"column":134}},"type":"binary-expr","locations":[{"start":{"line":59,"column":33},"end":{"line":59,"column":58}},{"start":{"line":59,"column":62},"end":{"line":59,"column":134}}],"line":59},"8":{"loc":{"start":{"line":76,"column":32},"end":{"line":205,"column":33}},"type":"switch","locations":[{"start":{"line":77,"column":36},"end":{"line":77,"column":48}},{"start":{"line":78,"column":36},"end":{"line":78,"column":49}},{"start":{"line":79,"column":36},"end":{"line":88,"column":42}},{"start":{"line":90,"column":36},"end":{"line":99,"column":42}},{"start":{"line":101,"column":36},"end":{"line":107,"column":42}},{"start":{"line":109,"column":36},"end":{"line":118,"column":42}},{"start":{"line":120,"column":36},"end":{"line":130,"column":42}},{"start":{"line":132,"column":36},"end":{"line":142,"column":42}},{"start":{"line":144,"column":36},"end":{"line":154,"column":42}},{"start":{"line":156,"column":36},"end":{"line":166,"column":42}},{"start":{"line":168,"column":36},"end":{"line":182,"column":37}},{"start":{"line":183,"column":36},"end":{"line":201,"column":42}},{"start":{"line":203,"column":36},"end":{"line":204,"column":52}}],"line":76},"9":{"loc":{"start":{"line":84,"column":59},"end":{"line":84,"column":70}},"type":"binary-expr","locations":[{"start":{"line":84,"column":59},"end":{"line":84,"column":64}},{"start":{"line":84,"column":68},"end":{"line":84,"column":70}}],"line":84},"10":{"loc":{"start":{"line":95,"column":59},"end":{"line":95,"column":70}},"type":"binary-expr","locations":[{"start":{"line":95,"column":59},"end":{"line":95,"column":64}},{"start":{"line":95,"column":68},"end":{"line":95,"column":70}}],"line":95},"11":{"loc":{"start":{"line":174,"column":59},"end":{"line":174,"column":72}},"type":"binary-expr","locations":[{"start":{"line":174,"column":59},"end":{"line":174,"column":64}},{"start":{"line":174,"column":68},"end":{"line":174,"column":72}}],"line":174}},"s":{"0":1,"1":84,"2":84,"3":440,"4":440,"5":440,"6":440,"7":440,"8":440,"9":26,"10":414,"11":414,"12":91,"13":78,"14":26,"15":26,"16":26,"17":26,"18":26,"19":26,"20":42,"21":46,"22":1,"23":1,"24":1},"f":{"0":84,"1":440,"2":414},"b":{"0":[84,84],"1":[440,440],"2":[78,362],"3":[440,439],"4":[440,1],"5":[26,414],"6":[26,26],"7":[26,26],"8":[65,91,91,78,26,26,26,26,26,26,42,46,1],"9":[91,20],"10":[78,60],"11":[42,1]},"_coverageSchema":"1a1c01bbd47fc00a2c39e90264f33305004495a9","hash":"79996e73df9b48ba6089929ab276d0921b30585a"},"/Users/mukul/workspace/medly-open-source/medly-components/packages/forms/src/components/Form/Form.styled.tsx":{"path":"/Users/mukul/workspace/medly-open-source/medly-components/packages/forms/src/components/Form/Form.styled.tsx","statementMap":{"0":{"start":{"line":3,"column":20},"end":{"line":20,"column":1}},"1":{"start":{"line":7,"column":35},"end":{"line":7,"column":69}},"2":{"start":{"line":8,"column":33},"end":{"line":8,"column":67}},"3":{"start":{"line":9,"column":35},"end":{"line":9,"column":60}}},"fnMap":{"0":{"name":"(anonymous_0)","decl":{"start":{"line":7,"column":15},"end":{"line":7,"column":16}},"loc":{"start":{"line":7,"column":35},"end":{"line":7,"column":69}},"line":7},"1":{"name":"(anonymous_1)","decl":{"start":{"line":8,"column":13},"end":{"line":8,"column":14}},"loc":{"start":{"line":8,"column":33},"end":{"line":8,"column":67}},"line":8},"2":{"name":"(anonymous_2)","decl":{"start":{"line":9,"column":17},"end":{"line":9,"column":18}},"loc":{"start":{"line":9,"column":35},"end":{"line":9,"column":60}},"line":9}},"branchMap":{"0":{"loc":{"start":{"line":7,"column":35},"end":{"line":7,"column":69}},"type":"cond-expr","locations":[{"start":{"line":7,"column":47},"end":{"line":7,"column":53}},{"start":{"line":7,"column":56},"end":{"line":7,"column":69}}],"line":7},"1":{"loc":{"start":{"line":8,"column":33},"end":{"line":8,"column":67}},"type":"cond-expr","locations":[{"start":{"line":8,"column":45},"end":{"line":8,"column":51}},{"start":{"line":8,"column":54},"end":{"line":8,"column":67}}],"line":8},"2":{"loc":{"start":{"line":9,"column":35},"end":{"line":9,"column":60}},"type":"binary-expr","locations":[{"start":{"line":9,"column":35},"end":{"line":9,"column":43}},{"start":{"line":9,"column":47},"end":{"line":9,"column":60}}],"line":9}},"s":{"0":1,"1":58,"2":58,"3":58},"f":{"0":58,"1":58,"2":58},"b":{"0":[1,57],"1":[1,57],"2":[58,57]},"_coverageSchema":"1a1c01bbd47fc00a2c39e90264f33305004495a9","hash":"ac581984ec51c8cb393225e99b4260df5f842e02"},"/Users/mukul/workspace/medly-open-source/medly-components/packages/forms/src/components/Form/Form.tsx":{"path":"/Users/mukul/workspace/medly-open-source/medly-components/packages/forms/src/components/Form/Form.tsx","statementMap":{"0":{"start":{"line":11,"column":49},"end":{"line":68,"column":1}},"1":{"start":{"line":32,"column":27},"end":{"line":32,"column":74}},"2":{"start":{"line":32,"column":41},"end":{"line":32,"column":67}},"3":{"start":{"line":33,"column":98},"end":{"line":33,"column":119}},"4":{"start":{"line":34,"column":25},"end":{"line":34,"column":132}},"5":{"start":{"line":34,"column":40},"end":{"line":34,"column":107}},"6":{"start":{"line":36,"column":12},"end":{"line":38,"column":35}},"7":{"start":{"line":37,"column":16},"end":{"line":37,"column":111}},"8":{"start":{"line":40,"column":12},"end":{"line":42,"column":25}},"9":{"start":{"line":41,"column":16},"end":{"line":41,"column":73}},"10":{"start":{"line":44,"column":12},"end":{"line":65,"column":14}},"11":{"start":{"line":69,"column":0},"end":{"line":69,"column":26}},"12":{"start":{"line":70,"column":0},"end":{"line":70,"column":25}},"13":{"start":{"line":71,"column":0},"end":{"line":76,"column":2}}},"fnMap":{"0":{"name":"(anonymous_0)","decl":{"start":{"line":13,"column":8},"end":{"line":13,"column":9}},"loc":{"start":{"line":31,"column":13},"end":{"line":66,"column":9}},"line":31},"1":{"name":"(anonymous_1)","decl":{"start":{"line":32,"column":35},"end":{"line":32,"column":36}},"loc":{"start":{"line":32,"column":41},"end":{"line":32,"column":67}},"line":32},"2":{"name":"(anonymous_2)","decl":{"start":{"line":34,"column":33},"end":{"line":34,"column":34}},"loc":{"start":{"line":34,"column":40},"end":{"line":34,"column":107}},"line":34},"3":{"name":"(anonymous_3)","decl":{"start":{"line":36,"column":22},"end":{"line":36,"column":23}},"loc":{"start":{"line":36,"column":28},"end":{"line":38,"column":13}},"line":36},"4":{"name":"(anonymous_4)","decl":{"start":{"line":40,"column":22},"end":{"line":40,"column":23}},"loc":{"start":{"line":40,"column":28},"end":{"line":42,"column":13}},"line":40}},"branchMap":{"0":{"loc":{"start":{"line":32,"column":41},"end":{"line":32,"column":67}},"type":"binary-expr","locations":[{"start":{"line":32,"column":41},"end":{"line":32,"column":43}},{"start":{"line":32,"column":47},"end":{"line":32,"column":67}}],"line":32},"1":{"loc":{"start":{"line":34,"column":40},"end":{"line":34,"column":107}},"type":"cond-expr","locations":[{"start":{"line":34,"column":74},"end":{"line":34,"column":85}},{"start":{"line":34,"column":88},"end":{"line":34,"column":107}}],"line":34},"2":{"loc":{"start":{"line":37,"column":16},"end":{"line":37,"column":110}},"type":"binary-expr","locations":[{"start":{"line":37,"column":16},"end":{"line":37,"column":32}},{"start":{"line":37,"column":36},"end":{"line":37,"column":72}},{"start":{"line":37,"column":76},"end":{"line":37,"column":110}}],"line":37},"3":{"loc":{"start":{"line":41,"column":16},"end":{"line":41,"column":72}},"type":"binary-expr","locations":[{"start":{"line":41,"column":16},"end":{"line":41,"column":24}},{"start":{"line":41,"column":28},"end":{"line":41,"column":72}}],"line":41},"4":{"loc":{"start":{"line":53,"column":21},"end":{"line":53,"column":69}},"type":"binary-expr","locations":[{"start":{"line":53,"column":21},"end":{"line":53,"column":27}},{"start":{"line":53,"column":31},"end":{"line":53,"column":69}}],"line":53},"5":{"loc":{"start":{"line":54,"column":21},"end":{"line":54,"column":80}},"type":"binary-expr","locations":[{"start":{"line":54,"column":21},"end":{"line":54,"column":31}},{"start":{"line":54,"column":35},"end":{"line":54,"column":80}}],"line":54},"6":{"loc":{"start":{"line":63,"column":21},"end":{"line":63,"column":138}},"type":"binary-expr","locations":[{"start":{"line":63,"column":21},"end":{"line":63,"column":33}},{"start":{"line":63,"column":37},"end":{"line":63,"column":138}}],"line":63}},"s":{"0":1,"1":58,"2":14,"3":58,"4":58,"5":39,"6":58,"7":14,"8":58,"9":39,"10":58,"11":1,"12":1,"13":1},"f":{"0":58,"1":14,"2":39,"3":14,"4":39},"b":{"0":[14,14],"1":[37,2],"2":[14,1,1],"3":[39,16],"4":[58,1],"5":[58,1],"6":[58,57]},"_coverageSchema":"1a1c01bbd47fc00a2c39e90264f33305004495a9","hash":"946d2a86989bc98a021f7be27126885c0e95b3fd"},"/Users/mukul/workspace/medly-open-source/medly-components/packages/forms/src/components/Form/testSchema.ts":{"path":"/Users/mukul/workspace/medly-open-source/medly-components/packages/forms/src/components/Form/testSchema.ts","statementMap":{"0":{"start":{"line":3,"column":43},"end":{"line":112,"column":1}}},"fnMap":{},"branchMap":{},"s":{"0":1},"f":{},"b":{},"_coverageSchema":"1a1c01bbd47fc00a2c39e90264f33305004495a9","hash":"22ca66e7f0adb105cd151412f372137bf90c05ab"},"/Users/mukul/workspace/medly-open-source/medly-components/packages/core/src/components/DialogBox/helpers.ts":{"path":"/Users/mukul/workspace/medly-open-source/medly-components/packages/core/src/components/DialogBox/helpers.ts","statementMap":{"0":{"start":{"line":1,"column":28},"end":{"line":1,"column":62}},"1":{"start":{"line":1,"column":45},"end":{"line":1,"column":61}}},"fnMap":{"0":{"name":"(anonymous_0)","decl":{"start":{"line":1,"column":28},"end":{"line":1,"column":29}},"loc":{"start":{"line":1,"column":45},"end":{"line":1,"column":61}},"line":1}},"branchMap":{"0":{"loc":{"start":{"line":1,"column":45},"end":{"line":1,"column":61}},"type":"cond-expr","locations":[{"start":{"line":1,"column":50},"end":{"line":1,"column":57}},{"start":{"line":1,"column":60},"end":{"line":1,"column":61}}],"line":1}},"s":{"0":0,"1":0},"f":{"0":0},"b":{"0":[0,0]}}}}