{"numFailedTestSuites":0,"numFailedTests":0,"numPassedTestSuites":78,"numPassedTests":683,"numPendingTestSuites":0,"numPendingTests":0,"numRuntimeErrorTestSuites":0,"numTodoTests":0,"numTotalTestSuites":78,"numTotalTests":683,"openHandles":[],"snapshot":{"added":0,"didUpdate":false,"failure":false,"filesAdded":0,"filesRemoved":0,"filesRemovedList":[],"filesUnmatched":0,"filesUpdated":0,"matched":378,"total":378,"unchecked":0,"uncheckedKeysByFile":[],"unmatched":0,"updated":0},"startTime":1628156549043,"success":true,"testResults":[{"assertionResults":[{"ancestorTitles":["NavItem"],"failureMessages":[],"fullName":"NavItem should render properly when it is in default state","location":null,"status":"passed","title":"should render properly when it is in default state"},{"ancestorTitles":["NavItem"],"failureMessages":[],"fullName":"NavItem should render properly when it is in active state","location":null,"status":"passed","title":"should render properly when it is in active state"},{"ancestorTitles":["NavItem"],"failureMessages":[],"fullName":"NavItem should render properly when it is in hovered state","location":null,"status":"passed","title":"should render properly when it is in hovered state"},{"ancestorTitles":["NavItem"],"failureMessages":[],"fullName":"NavItem should call onChange with expected data","location":null,"status":"passed","title":"should call onChange with expected data"}],"endTime":1628156580727,"message":"","name":"/Users/mukul/workspace/medly-open-source/medly-components/packages/layout/src/components/SideNav/NavItem/NavItem.test.tsx","startTime":1628156552290,"status":"passed","summary":""},{"assertionResults":[{"ancestorTitles":["Button component","with \"solid\" variant"],"failureMessages":[],"fullName":"Button component with \"solid\" variant should render properly","location":null,"status":"passed","title":"should render properly"},{"ancestorTitles":["Button component","with \"solid\" variant"],"failureMessages":[],"fullName":"Button component with \"solid\" variant should render properly when it is disabled","location":null,"status":"passed","title":"should render properly when it is disabled"},{"ancestorTitles":["Button component","with \"solid\" variant"],"failureMessages":[],"fullName":"Button component with \"solid\" variant should render properly when it is loading","location":null,"status":"passed","title":"should render properly when it is loading"},{"ancestorTitles":["Button component","with \"solid\" variant"],"failureMessages":[],"fullName":"Button component with \"solid\" variant should render properly with \"XS\" size","location":null,"status":"passed","title":"should render properly with \"XS\" size"},{"ancestorTitles":["Button component","with \"solid\" variant"],"failureMessages":[],"fullName":"Button component with \"solid\" variant should render properly with \"S\" size","location":null,"status":"passed","title":"should render properly with \"S\" size"},{"ancestorTitles":["Button component","with \"solid\" variant"],"failureMessages":[],"fullName":"Button component with \"solid\" variant should render properly with \"M\" size","location":null,"status":"passed","title":"should render properly with \"M\" size"},{"ancestorTitles":["Button component","with \"solid\" variant"],"failureMessages":[],"fullName":"Button component with \"solid\" variant should render properly with \"L\" size","location":null,"status":"passed","title":"should render properly with \"L\" size"},{"ancestorTitles":["Button component","with \"outlined\" variant"],"failureMessages":[],"fullName":"Button component with \"outlined\" variant should render properly","location":null,"status":"passed","title":"should render properly"},{"ancestorTitles":["Button component","with \"outlined\" variant"],"failureMessages":[],"fullName":"Button component with \"outlined\" variant should render properly when it is disabled","location":null,"status":"passed","title":"should render properly when it is disabled"},{"ancestorTitles":["Button component","with \"outlined\" variant"],"failureMessages":[],"fullName":"Button component with \"outlined\" variant should render properly when it is loading","location":null,"status":"passed","title":"should render properly when it is loading"},{"ancestorTitles":["Button component","with \"outlined\" variant"],"failureMessages":[],"fullName":"Button component with \"outlined\" variant should render properly with \"XS\" size","location":null,"status":"passed","title":"should render properly with \"XS\" size"},{"ancestorTitles":["Button component","with \"outlined\" variant"],"failureMessages":[],"fullName":"Button component with \"outlined\" variant should render properly with \"S\" size","location":null,"status":"passed","title":"should render properly with \"S\" size"},{"ancestorTitles":["Button component","with \"outlined\" variant"],"failureMessages":[],"fullName":"Button component with \"outlined\" variant should render properly with \"M\" size","location":null,"status":"passed","title":"should render properly with \"M\" size"},{"ancestorTitles":["Button component","with \"outlined\" variant"],"failureMessages":[],"fullName":"Button component with \"outlined\" variant should render properly with \"L\" size","location":null,"status":"passed","title":"should render properly with \"L\" size"},{"ancestorTitles":["Button component","with \"flat\" variant"],"failureMessages":[],"fullName":"Button component with \"flat\" variant should render properly","location":null,"status":"passed","title":"should render properly"},{"ancestorTitles":["Button component","with \"flat\" variant"],"failureMessages":[],"fullName":"Button component with \"flat\" variant should render properly when it is disabled","location":null,"status":"passed","title":"should render properly when it is disabled"},{"ancestorTitles":["Button component","with \"flat\" variant"],"failureMessages":[],"fullName":"Button component with \"flat\" variant should render properly when it is loading","location":null,"status":"passed","title":"should render properly when it is loading"},{"ancestorTitles":["Button component","with \"flat\" variant"],"failureMessages":[],"fullName":"Button component with \"flat\" variant should render properly with \"XS\" size","location":null,"status":"passed","title":"should render properly with \"XS\" size"},{"ancestorTitles":["Button component","with \"flat\" variant"],"failureMessages":[],"fullName":"Button component with \"flat\" variant should render properly with \"S\" size","location":null,"status":"passed","title":"should render properly with \"S\" size"},{"ancestorTitles":["Button component","with \"flat\" variant"],"failureMessages":[],"fullName":"Button component with \"flat\" variant should render properly with \"M\" size","location":null,"status":"passed","title":"should render properly with \"M\" size"},{"ancestorTitles":["Button component","with \"flat\" variant"],"failureMessages":[],"fullName":"Button component with \"flat\" variant should render properly with \"L\" size","location":null,"status":"passed","title":"should render properly with \"L\" size"},{"ancestorTitles":["Button component"],"failureMessages":[],"fullName":"Button component should render properly with S size and loading state","location":null,"status":"passed","title":"should render properly with S size and loading state"},{"ancestorTitles":["Button component"],"failureMessages":[],"fullName":"Button component should render properly with L size and loading state","location":null,"status":"passed","title":"should render properly with L size and loading state"},{"ancestorTitles":["Button component"],"failureMessages":[],"fullName":"Button component should render properly with \"square\" edges","location":null,"status":"passed","title":"should render properly with \"square\" edges"},{"ancestorTitles":["Button component"],"failureMessages":[],"fullName":"Button component should render properly with \"rounded\" edges","location":null,"status":"passed","title":"should render properly with \"rounded\" edges"},{"ancestorTitles":["Button component"],"failureMessages":[],"fullName":"Button component should render properly with \"circle\" edges","location":null,"status":"passed","title":"should render properly with \"circle\" edges"},{"ancestorTitles":["Button component"],"failureMessages":[],"fullName":"Button component should render properly with circle edges and S size","location":null,"status":"passed","title":"should render properly with circle edges and S size"},{"ancestorTitles":["Button component"],"failureMessages":[],"fullName":"Button component should render properly with any icon at the beginning of the text","location":null,"status":"passed","title":"should render properly with any icon at the beginning of the text"},{"ancestorTitles":["Button component"],"failureMessages":[],"fullName":"Button component should render properly with any icon at the end of the text","location":null,"status":"passed","title":"should render properly with any icon at the end of the text"},{"ancestorTitles":["Button component"],"failureMessages":[],"fullName":"Button component should wrap children into Text component when rendering string or number","location":null,"status":"passed","title":"should wrap children into Text component when rendering string or number"},{"ancestorTitles":["Button component"],"failureMessages":[],"fullName":"Button component should render with 100% width if fullWidth prop is truthy","location":null,"status":"passed","title":"should render with 100% width if fullWidth prop is truthy"},{"ancestorTitles":["Button component"],"failureMessages":[],"fullName":"Button component should render properly with outlined and theme doesn't have bgColor","location":null,"status":"passed","title":"should render properly with outlined and theme doesn't have bgColor"},{"ancestorTitles":["Button component"],"failureMessages":[],"fullName":"Button component should render properly as outlined when theme has hover set to false","location":null,"status":"passed","title":"should render properly as outlined when theme has hover set to false"},{"ancestorTitles":["Button component"],"failureMessages":[],"fullName":"Button component should render properly as solid when theme has hover set to false","location":null,"status":"passed","title":"should render properly as solid when theme has hover set to false"}],"endTime":1628156580951,"message":"","name":"/Users/mukul/workspace/medly-open-source/medly-components/packages/core/src/components/Button/Button.test.tsx","startTime":1628156552260,"status":"passed","summary":""},{"assertionResults":[{"ancestorTitles":["SearchBox"],"failureMessages":[],"fullName":"SearchBox should render properly with \"S\" size","location":null,"status":"passed","title":"should render properly with \"S\" size"},{"ancestorTitles":["SearchBox"],"failureMessages":[],"fullName":"SearchBox should render properly with \"M\" size","location":null,"status":"passed","title":"should render properly with \"M\" size"},{"ancestorTitles":["SearchBox"],"failureMessages":[],"fullName":"SearchBox should render placeholder text when specified","location":null,"status":"passed","title":"should render placeholder text when specified"},{"ancestorTitles":["SearchBox"],"failureMessages":[],"fullName":"SearchBox should render search icon","location":null,"status":"passed","title":"should render search icon"},{"ancestorTitles":["SearchBox"],"failureMessages":[],"fullName":"SearchBox should call onSearch on clicking on search icon with input value","location":null,"status":"passed","title":"should call onSearch on clicking on search icon with input value"},{"ancestorTitles":["SearchBox"],"failureMessages":[],"fullName":"SearchBox should call onSearch on pressing enter key with the input value","location":null,"status":"passed","title":"should call onSearch on pressing enter key with the input value"},{"ancestorTitles":["SearchBox"],"failureMessages":[],"fullName":"SearchBox should call onClear on clicking on clear icon","location":null,"status":"passed","title":"should call onClear on clicking on clear icon"},{"ancestorTitles":["SearchBox","close icon"],"failureMessages":[],"fullName":"SearchBox close icon should render close icon when user starts typing","location":null,"status":"passed","title":"should render close icon when user starts typing"},{"ancestorTitles":["SearchBox","close icon"],"failureMessages":[],"fullName":"SearchBox close icon should not render close icon in initial state","location":null,"status":"passed","title":"should not render close icon in initial state"},{"ancestorTitles":["SearchBox","close icon"],"failureMessages":[],"fullName":"SearchBox close icon should hide the close icon and maintain the focus on input when clicked on close icon","location":null,"status":"passed","title":"should hide the close icon and maintain the focus on input when clicked on close icon"},{"ancestorTitles":["SearchBox","close icon"],"failureMessages":[],"fullName":"SearchBox close icon should hide the close icon when length of input is 0","location":null,"status":"passed","title":"should hide the close icon when length of input is 0"},{"ancestorTitles":["SearchBox","expand icon"],"failureMessages":[],"fullName":"SearchBox expand icon should render expand icon when showExpandIcon prop is true","location":null,"status":"passed","title":"should render expand icon when showExpandIcon prop is true"},{"ancestorTitles":["SearchBox","options"],"failureMessages":[],"fullName":"SearchBox options should not show options initially","location":null,"status":"passed","title":"should not show options initially"},{"ancestorTitles":["SearchBox","options"],"failureMessages":[],"fullName":"SearchBox options should hide options when clicked outside","location":null,"status":"passed","title":"should hide options when clicked outside"},{"ancestorTitles":["SearchBox","options"],"failureMessages":[],"fullName":"SearchBox options should render options when user search option specified","location":null,"status":"passed","title":"should render options when user search option specified"},{"ancestorTitles":["SearchBox","options"],"failureMessages":[],"fullName":"SearchBox options should render options on arrow keys when input is in focus","location":null,"status":"passed","title":"should render options on arrow keys when input is in focus"},{"ancestorTitles":["SearchBox","options"],"failureMessages":[],"fullName":"SearchBox options should not render options on arrow keys when input is not in focus","location":null,"status":"passed","title":"should not render options on arrow keys when input is not in focus"},{"ancestorTitles":["SearchBox","options"],"failureMessages":[],"fullName":"SearchBox options should not call on OptionSelected when onOptionSelected is not passed","location":null,"status":"passed","title":"should not call on OptionSelected when onOptionSelected is not passed"},{"ancestorTitles":["SearchBox","options","with option selected"],"failureMessages":[],"fullName":"SearchBox options with option selected should call on OptionSelected when option is clicked","location":null,"status":"passed","title":"should call on OptionSelected when option is clicked"},{"ancestorTitles":["SearchBox","options","with option selected"],"failureMessages":[],"fullName":"SearchBox options with option selected should update the searchbox value to selected option","location":null,"status":"passed","title":"should update the searchbox value to selected option"}],"endTime":1628156583184,"message":"","name":"/Users/mukul/workspace/medly-open-source/medly-components/packages/core/src/components/SearchBox/SearchBox.test.tsx","startTime":1628156552197,"status":"passed","summary":""},{"assertionResults":[{"ancestorTitles":["SideNav"],"failureMessages":[],"fullName":"SideNav should render properly with shadow","location":null,"status":"passed","title":"should render properly with shadow"},{"ancestorTitles":["SideNav"],"failureMessages":[],"fullName":"SideNav should open by default on 1025+ screen sizes","location":null,"status":"passed","title":"should open by default on 1025+ screen sizes"},{"ancestorTitles":["SideNav"],"failureMessages":[],"fullName":"SideNav should be closed by default on 0 to 1024 screen sizes","location":null,"status":"passed","title":"should be closed by default on 0 to 1024 screen sizes"},{"ancestorTitles":["SideNav"],"failureMessages":[],"fullName":"SideNav should render properly without shadow","location":null,"status":"passed","title":"should render properly without shadow"},{"ancestorTitles":["SideNav"],"failureMessages":[],"fullName":"SideNav should expand aside on clicking on the expand icon","location":null,"status":"passed","title":"should expand aside on clicking on the expand icon"},{"ancestorTitles":["SideNav"],"failureMessages":[],"fullName":"SideNav should collapse aside on clicking on the hide icon","location":null,"status":"passed","title":"should collapse aside on clicking on the hide icon"},{"ancestorTitles":["SideNav"],"failureMessages":[],"fullName":"SideNav should expand nav on hovering on it","location":null,"status":"passed","title":"should expand nav on hovering on it"},{"ancestorTitles":["SideNav"],"failureMessages":[],"fullName":"SideNav should collapse nav on moving cursor out of it","location":null,"status":"passed","title":"should collapse nav on moving cursor out of it"},{"ancestorTitles":["SideNav"],"failureMessages":[],"fullName":"SideNav should call onChange with expected path when it is used as controlled component","location":null,"status":"passed","title":"should call onChange with expected path when it is used as controlled component"},{"ancestorTitles":["SideNav"],"failureMessages":[],"fullName":"SideNav should call onChange with expected path when it is used as uncontrolled component","location":null,"status":"passed","title":"should call onChange with expected path when it is used as uncontrolled component"}],"endTime":1628156584059,"message":"","name":"/Users/mukul/workspace/medly-open-source/medly-components/packages/layout/src/components/SideNav/SideNav.test.tsx","startTime":1628156552558,"status":"passed","summary":""},{"assertionResults":[{"ancestorTitles":["Calendar Component"],"failureMessages":[],"fullName":"Calendar Component should render given date","location":null,"status":"passed","title":"should render given date"},{"ancestorTitles":["Calendar Component"],"failureMessages":[],"fullName":"Calendar Component should render properly with with error state","location":null,"status":"passed","title":"should render properly with with error state"},{"ancestorTitles":["Calendar Component"],"failureMessages":[],"fullName":"Calendar Component should render current month if date is null","location":null,"status":"passed","title":"should render current month if date is null"},{"ancestorTitles":["Calendar Component"],"failureMessages":[],"fullName":"Calendar Component should render min selectable date if current month is greater than max date and date is null","location":null,"status":"passed","title":"should render min selectable date if current month is greater than max date and date is null"},{"ancestorTitles":["Calendar Component"],"failureMessages":[],"fullName":"Calendar Component should call onChange with expected date","location":null,"status":"passed","title":"should call onChange with expected date"},{"ancestorTitles":["Calendar Component"],"failureMessages":[],"fullName":"Calendar Component should render previous month on clicking left arrow when current month is other than Jan","location":null,"status":"passed","title":"should render previous month on clicking left arrow when current month is other than Jan"},{"ancestorTitles":["Calendar Component"],"failureMessages":[],"fullName":"Calendar Component should render dec month on clicking left arrow when current month is Jan","location":null,"status":"passed","title":"should render dec month on clicking left arrow when current month is Jan"},{"ancestorTitles":["Calendar Component"],"failureMessages":[],"fullName":"Calendar Component should render next month on clicking right arrow when current month is other than Dec","location":null,"status":"passed","title":"should render next month on clicking right arrow when current month is other than Dec"},{"ancestorTitles":["Calendar Component"],"failureMessages":[],"fullName":"Calendar Component should render Jan month on clicking right arrow when current month is Dec","location":null,"status":"passed","title":"should render Jan month on clicking right arrow when current month is Dec"},{"ancestorTitles":["Calendar Component"],"failureMessages":[],"fullName":"Calendar Component should render 29 days in feb month in leap year","location":null,"status":"passed","title":"should render 29 days in feb month in leap year"},{"ancestorTitles":["Calendar Component"],"failureMessages":[],"fullName":"Calendar Component should render 28 days in feb month in non leap year","location":null,"status":"passed","title":"should render 28 days in feb month in non leap year"},{"ancestorTitles":["Calendar Component"],"failureMessages":[],"fullName":"Calendar Component should disable dates which are are out of range ","location":null,"status":"passed","title":"should disable dates which are are out of range "},{"ancestorTitles":["Calendar Component"],"failureMessages":[],"fullName":"Calendar Component should change month to first non disable month on changing year if selected month is disabled in the newly selected year","location":null,"status":"passed","title":"should change month to first non disable month on changing year if selected month is disabled in the newly selected year"},{"ancestorTitles":["Calendar Component"],"failureMessages":[],"fullName":"Calendar Component should non change month on changing year if that month is non disable in the newly selected year","location":null,"status":"passed","title":"should non change month on changing year if that month is non disable in the newly selected year"}],"endTime":1628156586616,"message":"","name":"/Users/mukul/workspace/medly-open-source/medly-components/packages/core/src/components/Calendar/Calendar.test.tsx","startTime":1628156552346,"status":"passed","summary":""},{"assertionResults":[{"ancestorTitles":["TextField"],"failureMessages":[],"fullName":"TextField should render properly with default props","location":null,"status":"passed","title":"should render properly with default props"},{"ancestorTitles":["TextField"],"failureMessages":[],"fullName":"TextField should render properly with S size","location":null,"status":"passed","title":"should render properly with S size"},{"ancestorTitles":["TextField"],"failureMessages":[],"fullName":"TextField should render properly with M size","location":null,"status":"passed","title":"should render properly with M size"},{"ancestorTitles":["TextField"],"failureMessages":[],"fullName":"TextField should take parents width if we pass fullWidth prop as true","location":null,"status":"passed","title":"should take parents width if we pass fullWidth prop as true"},{"ancestorTitles":["TextField"],"failureMessages":[],"fullName":"TextField should take passed min width","location":null,"status":"passed","title":"should take passed min width"},{"ancestorTitles":["TextField"],"failureMessages":[],"fullName":"TextField should take passed max width","location":null,"status":"passed","title":"should take passed max width"},{"ancestorTitles":["TextField"],"failureMessages":[],"fullName":"TextField should focus on input when clicked on the wrapper","location":null,"status":"passed","title":"should focus on input when clicked on the wrapper"},{"ancestorTitles":["TextField","without label"],"failureMessages":[],"fullName":"TextField without label should render default state properly","location":null,"status":"passed","title":"should render default state properly"},{"ancestorTitles":["TextField","without label"],"failureMessages":[],"fullName":"TextField without label should render focus state properly ","location":null,"status":"passed","title":"should render focus state properly "},{"ancestorTitles":["TextField"],"failureMessages":[],"fullName":"TextField should not call onClick function on click on helper text","location":null,"status":"passed","title":"should not call onClick function on click on helper text"},{"ancestorTitles":["TextField"],"failureMessages":[],"fullName":"TextField should render asterisk if we pass required prop as true","location":null,"status":"passed","title":"should render asterisk if we pass required prop as true"},{"ancestorTitles":["TextField","character count"],"failureMessages":[],"fullName":"TextField character count should correctly render character count if we pass withCharacterCount and maxlength","location":null,"status":"passed","title":"should correctly render character count if we pass withCharacterCount and maxlength"},{"ancestorTitles":["TextField","character count"],"failureMessages":[],"fullName":"TextField character count should correctly render character count for S size TextField if we pass withCharacterCount and maxlength","location":null,"status":"passed","title":"should correctly render character count for S size TextField if we pass withCharacterCount and maxlength"},{"ancestorTitles":["TextField","character count"],"failureMessages":[],"fullName":"TextField character count should correctly render character count for multiline TextField if we pass withCharacterCount and maxlength","location":null,"status":"passed","title":"should correctly render character count for multiline TextField if we pass withCharacterCount and maxlength"},{"ancestorTitles":["TextField","character count"],"failureMessages":[],"fullName":"TextField character count should correctly render character count for fusion TextField variant if we pass withCharacterCount and maxlength","location":null,"status":"passed","title":"should correctly render character count for fusion TextField variant if we pass withCharacterCount and maxlength"},{"ancestorTitles":["TextField","character count"],"failureMessages":[],"fullName":"TextField character count should render correct character count if we pass withCharacterCount, maxlength, and defaultValue","location":null,"status":"passed","title":"should render correct character count if we pass withCharacterCount, maxlength, and defaultValue"},{"ancestorTitles":["TextField","character count"],"failureMessages":[],"fullName":"TextField character count should correctly render character count when the count value is 80% of the maxLength","location":null,"status":"passed","title":"should correctly render character count when the count value is 80% of the maxLength"},{"ancestorTitles":["TextField","character count"],"failureMessages":[],"fullName":"TextField character count should correctly render character count when the count value is 100% of the maxLength","location":null,"status":"passed","title":"should correctly render character count when the count value is 100% of the maxLength"},{"ancestorTitles":["TextField"],"failureMessages":[],"fullName":"TextField should call onChange prop on changing the value","location":null,"status":"passed","title":"should call onChange prop on changing the value"},{"ancestorTitles":["TextField","masking"],"failureMessages":[],"fullName":"TextField masking should render mask if provided with outlined variant","location":null,"status":"passed","title":"should render mask if provided with outlined variant"},{"ancestorTitles":["TextField","masking"],"failureMessages":[],"fullName":"TextField masking should render mask if provided with filled variant","location":null,"status":"passed","title":"should render mask if provided with filled variant"},{"ancestorTitles":["TextField","masking"],"failureMessages":[],"fullName":"TextField masking should render mask if provided with fusion variant","location":null,"status":"passed","title":"should render mask if provided with fusion variant"},{"ancestorTitles":["TextField","masking"],"failureMessages":[],"fullName":"TextField masking should on change on changing the value","location":null,"status":"passed","title":"should on change on changing the value"},{"ancestorTitles":["TextField","masking"],"failureMessages":[],"fullName":"TextField masking should update mask label if mask and input value are same","location":null,"status":"passed","title":"should update mask label if mask and input value are same"},{"ancestorTitles":["TextField","error Validation"],"failureMessages":[],"fullName":"TextField error Validation should render html5 error message on invalid form submission","location":null,"status":"passed","title":"should render html5 error message on invalid form submission"},{"ancestorTitles":["TextField","error Validation"],"failureMessages":[],"fullName":"TextField error Validation should render html5 error message on moving focus out with invalid value","location":null,"status":"passed","title":"should render html5 error message on moving focus out with invalid value"},{"ancestorTitles":["TextField","error Validation"],"failureMessages":[],"fullName":"TextField error Validation should render custom error message if validator function is returning error message","location":null,"status":"passed","title":"should render custom error message if validator function is returning error message"},{"ancestorTitles":["TextField","error Validation"],"failureMessages":[],"fullName":"TextField error Validation should not return error message if it is not returning any message","location":null,"status":"passed","title":"should not return error message if it is not returning any message"},{"ancestorTitles":["TextField","with outlined variant","and with label"],"failureMessages":[],"fullName":"TextField with outlined variant and with label should render default state properly","location":null,"status":"passed","title":"should render default state properly"},{"ancestorTitles":["TextField","with outlined variant","and with label"],"failureMessages":[],"fullName":"TextField with outlined variant and with label should render focus state properly","location":null,"status":"passed","title":"should render focus state properly"},{"ancestorTitles":["TextField","with outlined variant","and with label"],"failureMessages":[],"fullName":"TextField with outlined variant and with label should render disabled state properly","location":null,"status":"passed","title":"should render disabled state properly"},{"ancestorTitles":["TextField","with outlined variant","and without label"],"failureMessages":[],"fullName":"TextField with outlined variant and without label should render default state properly","location":null,"status":"passed","title":"should render default state properly"},{"ancestorTitles":["TextField","with outlined variant","and without label"],"failureMessages":[],"fullName":"TextField with outlined variant and without label should render focus state properly","location":null,"status":"passed","title":"should render focus state properly"},{"ancestorTitles":["TextField","with outlined variant","and without label"],"failureMessages":[],"fullName":"TextField with outlined variant and without label should render disabled state properly","location":null,"status":"passed","title":"should render disabled state properly"},{"ancestorTitles":["TextField","with outlined variant"],"failureMessages":[],"fullName":"TextField with outlined variant should render error state properly ","location":null,"status":"passed","title":"should render error state properly "},{"ancestorTitles":["TextField","with outlined variant"],"failureMessages":[],"fullName":"TextField with outlined variant should render error state properly with a value","location":null,"status":"passed","title":"should render error state properly with a value"},{"ancestorTitles":["TextField","with outlined variant"],"failureMessages":[],"fullName":"TextField with outlined variant should render helper text properly","location":null,"status":"passed","title":"should render helper text properly"},{"ancestorTitles":["TextField","with outlined variant"],"failureMessages":[],"fullName":"TextField with outlined variant should render error text properly","location":null,"status":"passed","title":"should render error text properly"},{"ancestorTitles":["TextField","with outlined variant"],"failureMessages":[],"fullName":"TextField with outlined variant should render properly with multiline","location":null,"status":"passed","title":"should render properly with multiline"},{"ancestorTitles":["TextField","with outlined variant"],"failureMessages":[],"fullName":"TextField with outlined variant should render properly with prefix","location":null,"status":"passed","title":"should render properly with prefix"},{"ancestorTitles":["TextField","with outlined variant"],"failureMessages":[],"fullName":"TextField with outlined variant should render properly with suffix","location":null,"status":"passed","title":"should render properly with suffix"},{"ancestorTitles":["TextField","with outlined variant"],"failureMessages":[],"fullName":"TextField with outlined variant should render properly with custom disabled cursor (themed)","location":null,"status":"passed","title":"should render properly with custom disabled cursor (themed)"},{"ancestorTitles":["TextField","with outlined variant"],"failureMessages":[],"fullName":"TextField with outlined variant should render without suffix/prefix/character-count/helper-text if we pass showDecorators as false","location":null,"status":"passed","title":"should render without suffix/prefix/character-count/helper-text if we pass showDecorators as false"},{"ancestorTitles":["TextField","with filled variant","and with label"],"failureMessages":[],"fullName":"TextField with filled variant and with label should render default state properly","location":null,"status":"passed","title":"should render default state properly"},{"ancestorTitles":["TextField","with filled variant","and with label"],"failureMessages":[],"fullName":"TextField with filled variant and with label should render focus state properly","location":null,"status":"passed","title":"should render focus state properly"},{"ancestorTitles":["TextField","with filled variant","and with label"],"failureMessages":[],"fullName":"TextField with filled variant and with label should render disabled state properly","location":null,"status":"passed","title":"should render disabled state properly"},{"ancestorTitles":["TextField","with filled variant","and without label"],"failureMessages":[],"fullName":"TextField with filled variant and without label should render default state properly","location":null,"status":"passed","title":"should render default state properly"},{"ancestorTitles":["TextField","with filled variant","and without label"],"failureMessages":[],"fullName":"TextField with filled variant and without label should render focus state properly","location":null,"status":"passed","title":"should render focus state properly"},{"ancestorTitles":["TextField","with filled variant","and without label"],"failureMessages":[],"fullName":"TextField with filled variant and without label should render disabled state properly","location":null,"status":"passed","title":"should render disabled state properly"},{"ancestorTitles":["TextField","with filled variant"],"failureMessages":[],"fullName":"TextField with filled variant should render error state properly ","location":null,"status":"passed","title":"should render error state properly "},{"ancestorTitles":["TextField","with filled variant"],"failureMessages":[],"fullName":"TextField with filled variant should render error state properly with a value","location":null,"status":"passed","title":"should render error state properly with a value"},{"ancestorTitles":["TextField","with filled variant"],"failureMessages":[],"fullName":"TextField with filled variant should render helper text properly","location":null,"status":"passed","title":"should render helper text properly"},{"ancestorTitles":["TextField","with filled variant"],"failureMessages":[],"fullName":"TextField with filled variant should render error text properly","location":null,"status":"passed","title":"should render error text properly"},{"ancestorTitles":["TextField","with filled variant"],"failureMessages":[],"fullName":"TextField with filled variant should render properly with multiline","location":null,"status":"passed","title":"should render properly with multiline"},{"ancestorTitles":["TextField","with filled variant"],"failureMessages":[],"fullName":"TextField with filled variant should render properly with prefix","location":null,"status":"passed","title":"should render properly with prefix"},{"ancestorTitles":["TextField","with filled variant"],"failureMessages":[],"fullName":"TextField with filled variant should render properly with suffix","location":null,"status":"passed","title":"should render properly with suffix"},{"ancestorTitles":["TextField","with filled variant"],"failureMessages":[],"fullName":"TextField with filled variant should render properly with custom disabled cursor (themed)","location":null,"status":"passed","title":"should render properly with custom disabled cursor (themed)"},{"ancestorTitles":["TextField","with filled variant"],"failureMessages":[],"fullName":"TextField with filled variant should render without suffix/prefix/character-count/helper-text if we pass showDecorators as false","location":null,"status":"passed","title":"should render without suffix/prefix/character-count/helper-text if we pass showDecorators as false"},{"ancestorTitles":["TextField","with fusion variant","and with label"],"failureMessages":[],"fullName":"TextField with fusion variant and with label should render default state properly","location":null,"status":"passed","title":"should render default state properly"},{"ancestorTitles":["TextField","with fusion variant","and with label"],"failureMessages":[],"fullName":"TextField with fusion variant and with label should render focus state properly","location":null,"status":"passed","title":"should render focus state properly"},{"ancestorTitles":["TextField","with fusion variant","and with label"],"failureMessages":[],"fullName":"TextField with fusion variant and with label should render disabled state properly","location":null,"status":"passed","title":"should render disabled state properly"},{"ancestorTitles":["TextField","with fusion variant","and without label"],"failureMessages":[],"fullName":"TextField with fusion variant and without label should render default state properly","location":null,"status":"passed","title":"should render default state properly"},{"ancestorTitles":["TextField","with fusion variant","and without label"],"failureMessages":[],"fullName":"TextField with fusion variant and without label should render focus state properly","location":null,"status":"passed","title":"should render focus state properly"},{"ancestorTitles":["TextField","with fusion variant","and without label"],"failureMessages":[],"fullName":"TextField with fusion variant and without label should render disabled state properly","location":null,"status":"passed","title":"should render disabled state properly"},{"ancestorTitles":["TextField","with fusion variant"],"failureMessages":[],"fullName":"TextField with fusion variant should render error state properly ","location":null,"status":"passed","title":"should render error state properly "},{"ancestorTitles":["TextField","with fusion variant"],"failureMessages":[],"fullName":"TextField with fusion variant should render error state properly with a value","location":null,"status":"passed","title":"should render error state properly with a value"},{"ancestorTitles":["TextField","with fusion variant"],"failureMessages":[],"fullName":"TextField with fusion variant should render helper text properly","location":null,"status":"passed","title":"should render helper text properly"},{"ancestorTitles":["TextField","with fusion variant"],"failureMessages":[],"fullName":"TextField with fusion variant should render error text properly","location":null,"status":"passed","title":"should render error text properly"},{"ancestorTitles":["TextField","with fusion variant"],"failureMessages":[],"fullName":"TextField with fusion variant should render properly with multiline","location":null,"status":"passed","title":"should render properly with multiline"},{"ancestorTitles":["TextField","with fusion variant"],"failureMessages":[],"fullName":"TextField with fusion variant should render properly with prefix","location":null,"status":"passed","title":"should render properly with prefix"},{"ancestorTitles":["TextField","with fusion variant"],"failureMessages":[],"fullName":"TextField with fusion variant should render properly with suffix","location":null,"status":"passed","title":"should render properly with suffix"},{"ancestorTitles":["TextField","with fusion variant"],"failureMessages":[],"fullName":"TextField with fusion variant should render properly with custom disabled cursor (themed)","location":null,"status":"passed","title":"should render properly with custom disabled cursor (themed)"},{"ancestorTitles":["TextField","with fusion variant"],"failureMessages":[],"fullName":"TextField with fusion variant should render without suffix/prefix/character-count/helper-text if we pass showDecorators as false","location":null,"status":"passed","title":"should render without suffix/prefix/character-count/helper-text if we pass showDecorators as false"}],"endTime":1628156591235,"message":"","name":"/Users/mukul/workspace/medly-open-source/medly-components/packages/core/src/components/TextField/TextField.test.tsx","startTime":1628156552302,"status":"passed","summary":""},{"assertionResults":[{"ancestorTitles":["Modal component"],"failureMessages":[],"fullName":"Modal component should render properly when it is open","location":null,"status":"passed","title":"should render properly when it is open"},{"ancestorTitles":["Modal component"],"failureMessages":[],"fullName":"Modal component should not render when open prop is falsy","location":null,"status":"passed","title":"should not render when open prop is falsy"},{"ancestorTitles":["Modal component"],"failureMessages":[],"fullName":"Modal component should call onCloseModal on click on close icon","location":null,"status":"passed","title":"should call onCloseModal on click on close icon"},{"ancestorTitles":["Modal component"],"failureMessages":[],"fullName":"Modal component should call onCloseModal on pressing escape key","location":null,"status":"passed","title":"should call onCloseModal on pressing escape key"},{"ancestorTitles":["Modal component"],"failureMessages":[],"fullName":"Modal component should call onCloseModal on click on overlay background","location":null,"status":"passed","title":"should call onCloseModal on click on overlay background"},{"ancestorTitles":["Modal component"],"failureMessages":[],"fullName":"Modal component should be able to render any JSX element in header","location":null,"status":"passed","title":"should be able to render any JSX element in header"},{"ancestorTitles":["Modal component"],"failureMessages":[],"fullName":"Modal component should hide shadow of header on scroll to top","location":null,"status":"passed","title":"should hide shadow of header on scroll to top"},{"ancestorTitles":["Modal component"],"failureMessages":[],"fullName":"Modal component should hide shadow of actions on scroll to bottom","location":null,"status":"passed","title":"should hide shadow of actions on scroll to bottom"},{"ancestorTitles":["Modal component"],"failureMessages":[],"fullName":"Modal component should show shadow of header and actions on scroll","location":null,"status":"passed","title":"should show shadow of header and actions on scroll"},{"ancestorTitles":["Modal component background at small screen size"],"failureMessages":[],"fullName":"Modal component background at small screen size should render properly when it is open","location":null,"status":"passed","title":"should render properly when it is open"},{"ancestorTitles":["Modal component background at small screen size"],"failureMessages":[],"fullName":"Modal component background at small screen size should render properly when it is closed","location":null,"status":"passed","title":"should render properly when it is closed"}],"endTime":1628156591246,"message":"","name":"/Users/mukul/workspace/medly-open-source/medly-components/packages/core/src/components/Modal/Modal.test.tsx","startTime":1628156583360,"status":"passed","summary":""},{"assertionResults":[{"ancestorTitles":["ActionBar component"],"failureMessages":[],"fullName":"ActionBar component should render correctly with all the default props","location":null,"status":"passed","title":"should render correctly with all the default props"},{"ancestorTitles":["ActionBar component"],"failureMessages":[],"fullName":"ActionBar component should not render Action bar with passed parameters","location":null,"status":"passed","title":"should not render Action bar with passed parameters"}],"endTime":1628156591139,"message":"","name":"/Users/mukul/workspace/medly-open-source/medly-components/packages/core/src/components/Table/ActionBar/ActionBar.test.tsx","startTime":1628156581036,"status":"passed","summary":""},{"assertionResults":[{"ancestorTitles":["TabList"],"failureMessages":[],"fullName":"TabList should render properly","location":null,"status":"passed","title":"should render properly"},{"ancestorTitles":["TabList"],"failureMessages":[],"fullName":"TabList should call onChange prop on click on any tab","location":null,"status":"passed","title":"should call onChange prop on click on any tab"},{"ancestorTitles":["TabList"],"failureMessages":[],"fullName":"TabList should call onChange prop with expected data on pressing right arrow key","location":null,"status":"passed","title":"should call onChange prop with expected data on pressing right arrow key"},{"ancestorTitles":["TabList"],"failureMessages":[],"fullName":"TabList should call onChange prop with first tab id on pressing right arrow key and last tab is active","location":null,"status":"passed","title":"should call onChange prop with first tab id on pressing right arrow key and last tab is active"},{"ancestorTitles":["TabList"],"failureMessages":[],"fullName":"TabList should call onChange prop with expected data on pressing left arrow key","location":null,"status":"passed","title":"should call onChange prop with expected data on pressing left arrow key"},{"ancestorTitles":["TabList"],"failureMessages":[],"fullName":"TabList should call onChange prop with last tab id on pressing left arrow key and last tab is active","location":null,"status":"passed","title":"should call onChange prop with last tab id on pressing left arrow key and last tab is active"},{"ancestorTitles":["TabList"],"failureMessages":[],"fullName":"TabList should call onChange prop with expected data on pressing Home key","location":null,"status":"passed","title":"should call onChange prop with expected data on pressing Home key"},{"ancestorTitles":["TabList"],"failureMessages":[],"fullName":"TabList should call onChange prop with expected data on pressing End arrow key","location":null,"status":"passed","title":"should call onChange prop with expected data on pressing End arrow key"}],"endTime":1628156596918,"message":"","name":"/Users/mukul/workspace/medly-open-source/medly-components/packages/core/src/components/Tabs/TabList/TabList.test.tsx","startTime":1628156591539,"status":"passed","summary":""},{"assertionResults":[{"ancestorTitles":["Tabs"],"failureMessages":[],"fullName":"Tabs should render properly with flat tab variant","location":null,"status":"passed","title":"should render properly with flat tab variant"},{"ancestorTitles":["Tabs"],"failureMessages":[],"fullName":"Tabs should render properly with outlined tab variant","location":null,"status":"passed","title":"should render properly with outlined tab variant"},{"ancestorTitles":["Tabs"],"failureMessages":[],"fullName":"Tabs should render properly with solid tab variant","location":null,"status":"passed","title":"should render properly with solid tab variant"},{"ancestorTitles":["Tabs"],"failureMessages":[],"fullName":"Tabs should hide the tab if hide prop is given","location":null,"status":"passed","title":"should hide the tab if hide prop is given"},{"ancestorTitles":["Tabs"],"failureMessages":[],"fullName":"Tabs should not render anything if there is no children","location":null,"status":"passed","title":"should not render anything if there is no children"},{"ancestorTitles":["Tabs"],"failureMessages":[],"fullName":"Tabs should not render tabPanel if hidePanel prop is given","location":null,"status":"passed","title":"should not render tabPanel if hidePanel prop is given"},{"ancestorTitles":["Tabs"],"failureMessages":[],"fullName":"Tabs should select expected tab on click on any tab, when active prop is not passed","location":null,"status":"passed","title":"should select expected tab on click on any tab, when active prop is not passed"},{"ancestorTitles":["Tabs"],"failureMessages":[],"fullName":"Tabs should render all tabs when forceRender prop is true","location":null,"status":"passed","title":"should render all tabs when forceRender prop is true"},{"ancestorTitles":["Tabs"],"failureMessages":[],"fullName":"Tabs should render only the active tab when forceRender prop is false","location":null,"status":"passed","title":"should render only the active tab when forceRender prop is false"}],"endTime":1628156597304,"message":"","name":"/Users/mukul/workspace/medly-open-source/medly-components/packages/core/src/components/Tabs/Tabs.test.tsx","startTime":1628156591345,"status":"passed","summary":""},{"assertionResults":[{"ancestorTitles":["Form Actions"],"failureMessages":[],"fullName":"Form Actions should render default action button","location":null,"status":"passed","title":"should render default action button"},{"ancestorTitles":["Form Actions"],"failureMessages":[],"fullName":"Form Actions should render left aligned actions defined in action schema","location":null,"status":"passed","title":"should render left aligned actions defined in action schema"},{"ancestorTitles":["Form Actions"],"failureMessages":[],"fullName":"Form Actions should render center aligned actions defined in action schema","location":null,"status":"passed","title":"should render center aligned actions defined in action schema"}],"endTime":1628156598342,"message":"","name":"/Users/mukul/workspace/medly-open-source/medly-components/packages/forms/src/components/Actions/Actions.test.tsx","startTime":1628156584201,"status":"passed","summary":""},{"assertionResults":[{"ancestorTitles":["CheckboxGroup component"],"failureMessages":[],"fullName":"CheckboxGroup component should render properly","location":null,"status":"passed","title":"should render properly"},{"ancestorTitles":["CheckboxGroup component"],"failureMessages":[],"fullName":"CheckboxGroup component should render properly with disabled state","location":null,"status":"passed","title":"should render properly with disabled state"},{"ancestorTitles":["CheckboxGroup component"],"failureMessages":[],"fullName":"CheckboxGroup component should render properly with fullWidth","location":null,"status":"passed","title":"should render properly with fullWidth"},{"ancestorTitles":["CheckboxGroup component"],"failureMessages":[],"fullName":"CheckboxGroup component should deselect option when it is already selected","location":null,"status":"passed","title":"should deselect option when it is already selected"},{"ancestorTitles":["CheckboxGroup component"],"failureMessages":[],"fullName":"CheckboxGroup component should select option when click on it","location":null,"status":"passed","title":"should select option when click on it"},{"ancestorTitles":["CheckboxGroup component"],"failureMessages":[],"fullName":"CheckboxGroup component should select all when clicked on the select all option","location":null,"status":"passed","title":"should select all when clicked on the select all option"},{"ancestorTitles":["CheckboxGroup component"],"failureMessages":[],"fullName":"CheckboxGroup component should show indeterminate state when any one option is selected but not all","location":null,"status":"passed","title":"should show indeterminate state when any one option is selected but not all"},{"ancestorTitles":["CheckboxGroup component"],"failureMessages":[],"fullName":"CheckboxGroup component should unselect all when all the options are already selected","location":null,"status":"passed","title":"should unselect all when all the options are already selected"},{"ancestorTitles":["CheckboxGroup component"],"failureMessages":[],"fullName":"CheckboxGroup component should render error text when it is given","location":null,"status":"passed","title":"should render error text when it is given"},{"ancestorTitles":["CheckboxGroup component"],"failureMessages":[],"fullName":"CheckboxGroup component should call validator function on blur","location":null,"status":"passed","title":"should call validator function on blur"},{"ancestorTitles":["CheckboxGroup component"],"failureMessages":[],"fullName":"CheckboxGroup component should show default error message on blur when we pass required prop","location":null,"status":"passed","title":"should show default error message on blur when we pass required prop"},{"ancestorTitles":["CheckboxGroup component","nested options"],"failureMessages":[],"fullName":"CheckboxGroup component nested options should select option when click on it","location":null,"status":"passed","title":"should select option when click on it"},{"ancestorTitles":["CheckboxGroup component","nested options"],"failureMessages":[],"fullName":"CheckboxGroup component nested options should select all nested options when clicked on the group label","location":null,"status":"passed","title":"should select all nested options when clicked on the group label"},{"ancestorTitles":["CheckboxGroup component","nested options"],"failureMessages":[],"fullName":"CheckboxGroup component nested options should unselect all when all the options are already selected","location":null,"status":"passed","title":"should unselect all when all the options are already selected"}],"endTime":1628156599440,"message":"","name":"/Users/mukul/workspace/medly-open-source/medly-components/packages/core/src/components/CheckboxGroup/CheckboxGroup.test.tsx","startTime":1628156591358,"status":"passed","summary":""},{"assertionResults":[{"ancestorTitles":["NavItem"],"failureMessages":[],"fullName":"NavItem should render properly when it is showing hide option","location":null,"status":"passed","title":"should render properly when it is showing hide option"},{"ancestorTitles":["NavItem"],"failureMessages":[],"fullName":"NavItem should render properly when it is showing open option","location":null,"status":"passed","title":"should render properly when it is showing open option"},{"ancestorTitles":["NavItem"],"failureMessages":[],"fullName":"NavItem should call onClick when we click on it","location":null,"status":"passed","title":"should call onClick when we click on it"}],"endTime":1628156601300,"message":"","name":"/Users/mukul/workspace/medly-open-source/medly-components/packages/layout/src/components/SideNav/ToggleSwitch/ToggleSwitch.test.tsx","startTime":1628156586878,"status":"passed","summary":""},{"assertionResults":[{"ancestorTitles":["Table component"],"failureMessages":[],"fullName":"Table component should render properly","location":null,"status":"passed","title":"should render properly"},{"ancestorTitles":["Table component"],"failureMessages":[],"fullName":"Table component should render no result row","location":null,"status":"passed","title":"should render no result row"},{"ancestorTitles":["Table component","pagination"],"failureMessages":[],"fullName":"Table component pagination should call onPageChange prop on click on any page","location":null,"status":"passed","title":"should call onPageChange prop on click on any page"},{"ancestorTitles":["Table component","pagination"],"failureMessages":[],"fullName":"Table component pagination should display 1 to 5 in results text if total entries is less than items per page","location":null,"status":"passed","title":"should display 1 to 5 in results text if total entries is less than items per page"},{"ancestorTitles":["Table component","pagination"],"failureMessages":[],"fullName":"Table component pagination should display 1 to 18 in results text if total entries is less than items per page * no of page","location":null,"status":"passed","title":"should display 1 to 18 in results text if total entries is less than items per page * no of page"},{"ancestorTitles":["Table component","pagination"],"failureMessages":[],"fullName":"Table component pagination should display 1 to 10 in results text if total entries is greater than items per page","location":null,"status":"passed","title":"should display 1 to 10 in results text if total entries is greater than items per page"}],"endTime":1628156601517,"message":"","name":"/Users/mukul/workspace/medly-open-source/medly-components/packages/core/src/components/Table/Table.test.tsx","startTime":1628156580826,"status":"passed","summary":""},{"assertionResults":[{"ancestorTitles":["Drawer component"],"failureMessages":[],"fullName":"Drawer component should render properly with left positioned","location":null,"status":"passed","title":"should render properly with left positioned"},{"ancestorTitles":["Drawer component"],"failureMessages":[],"fullName":"Drawer component should render properly with right positioned","location":null,"status":"passed","title":"should render properly with right positioned"},{"ancestorTitles":["Drawer component"],"failureMessages":[],"fullName":"Drawer component should not show overlay background color if withOverlay passed as false","location":null,"status":"passed","title":"should not show overlay background color if withOverlay passed as false"},{"ancestorTitles":["Drawer component"],"failureMessages":[],"fullName":"Drawer component should close drawer component on click on close icon","location":null,"status":"passed","title":"should close drawer component on click on close icon"},{"ancestorTitles":["Drawer component"],"failureMessages":[],"fullName":"Drawer component should close drawer component on esc key press","location":null,"status":"passed","title":"should close drawer component on esc key press"},{"ancestorTitles":["Drawer component"],"failureMessages":[],"fullName":"Drawer component should render footer element left aligned","location":null,"status":"passed","title":"should render footer element left aligned"},{"ancestorTitles":["Drawer component"],"failureMessages":[],"fullName":"Drawer component should render footer element center aligned","location":null,"status":"passed","title":"should render footer element center aligned"},{"ancestorTitles":["Drawer component"],"failureMessages":[],"fullName":"Drawer component should render footer element right aligned","location":null,"status":"passed","title":"should render footer element right aligned"},{"ancestorTitles":["Drawer component"],"failureMessages":[],"fullName":"Drawer component should hide shadow of header on scroll to top","location":null,"status":"passed","title":"should hide shadow of header on scroll to top"},{"ancestorTitles":["Drawer component"],"failureMessages":[],"fullName":"Drawer component should hide shadow of footer on scroll to bottom","location":null,"status":"passed","title":"should hide shadow of footer on scroll to bottom"},{"ancestorTitles":["Drawer component"],"failureMessages":[],"fullName":"Drawer component should show shadow of header and footer on scroll","location":null,"status":"passed","title":"should show shadow of header and footer on scroll"}],"endTime":1628156602980,"message":"","name":"/Users/mukul/workspace/medly-open-source/medly-components/packages/core/src/components/Drawer/Drawer.test.tsx","startTime":1628156597400,"status":"passed","summary":""},{"assertionResults":[{"ancestorTitles":["Checkbox component","should render correctly with checked true"],"failureMessages":[],"fullName":"Checkbox component should render correctly with checked true and indeterminate state","location":null,"status":"passed","title":"and indeterminate state"},{"ancestorTitles":["Checkbox component","should render correctly with checked true"],"failureMessages":[],"fullName":"Checkbox component should render correctly with checked true and active state","location":null,"status":"passed","title":"and active state"},{"ancestorTitles":["Checkbox component","should render correctly with checked true"],"failureMessages":[],"fullName":"Checkbox component should render correctly with checked true and disabled state","location":null,"status":"passed","title":"and disabled state"},{"ancestorTitles":["Checkbox component","should render correctly with checked true"],"failureMessages":[],"fullName":"Checkbox component should render correctly with checked true and hasError state","location":null,"status":"passed","title":"and hasError state"},{"ancestorTitles":["Checkbox component","should render correctly with checked false"],"failureMessages":[],"fullName":"Checkbox component should render correctly with checked false and indeterminate state","location":null,"status":"passed","title":"and indeterminate state"},{"ancestorTitles":["Checkbox component","should render correctly with checked false"],"failureMessages":[],"fullName":"Checkbox component should render correctly with checked false and active state","location":null,"status":"passed","title":"and active state"},{"ancestorTitles":["Checkbox component","should render correctly with checked false"],"failureMessages":[],"fullName":"Checkbox component should render correctly with checked false and disabled state","location":null,"status":"passed","title":"and disabled state"},{"ancestorTitles":["Checkbox component","should render correctly with checked false"],"failureMessages":[],"fullName":"Checkbox component should render correctly with checked false and hasError state","location":null,"status":"passed","title":"and hasError state"},{"ancestorTitles":["Checkbox component"],"failureMessages":[],"fullName":"Checkbox component should render correctly with left labelPosition","location":null,"status":"passed","title":"should render correctly with left labelPosition"},{"ancestorTitles":["Checkbox component"],"failureMessages":[],"fullName":"Checkbox component should render correctly with right labelPosition","location":null,"status":"passed","title":"should render correctly with right labelPosition"},{"ancestorTitles":["Checkbox component"],"failureMessages":[],"fullName":"Checkbox component should render correctly with top labelPosition","location":null,"status":"passed","title":"should render correctly with top labelPosition"},{"ancestorTitles":["Checkbox component"],"failureMessages":[],"fullName":"Checkbox component should render correctly with bottom labelPosition","location":null,"status":"passed","title":"should render correctly with bottom labelPosition"},{"ancestorTitles":["Checkbox component"],"failureMessages":[],"fullName":"Checkbox component should render properly with fullWidth and \"top\" labelPosition","location":null,"status":"passed","title":"should render properly with fullWidth and \"top\" labelPosition"},{"ancestorTitles":["Checkbox component"],"failureMessages":[],"fullName":"Checkbox component should render properly with fullWidth and \"bottom\" labelPosition","location":null,"status":"passed","title":"should render properly with fullWidth and \"bottom\" labelPosition"},{"ancestorTitles":["Checkbox component"],"failureMessages":[],"fullName":"Checkbox component should call onChange handler on click on checkbox","location":null,"status":"passed","title":"should call onChange handler on click on checkbox"},{"ancestorTitles":["Checkbox component"],"failureMessages":[],"fullName":"Checkbox component should show error text if provided","location":null,"status":"passed","title":"should show error text if provided"},{"ancestorTitles":["Checkbox component"],"failureMessages":[],"fullName":"Checkbox component should call validator function on blur event","location":null,"status":"passed","title":"should call validator function on blur event"},{"ancestorTitles":["Checkbox component"],"failureMessages":[],"fullName":"Checkbox component should show the html5 error validation message on error","location":null,"status":"passed","title":"should show the html5 error validation message on error"}],"endTime":1628156603421,"message":"","name":"/Users/mukul/workspace/medly-open-source/medly-components/packages/core/src/components/Checkbox/checkbox.test.tsx","startTime":1628156596951,"status":"passed","summary":""},{"assertionResults":[{"ancestorTitles":["Pagination component"],"failureMessages":[],"fullName":"Pagination component should render correctly with all the default props","location":null,"status":"passed","title":"should render correctly with all the default props"},{"ancestorTitles":["Pagination component"],"failureMessages":[],"fullName":"Pagination component should render correctly when total items is 0","location":null,"status":"passed","title":"should render correctly when total items is 0"},{"ancestorTitles":["Pagination component"],"failureMessages":[],"fullName":"Pagination component should render correctly with all the props given","location":null,"status":"passed","title":"should render correctly with all the props given"},{"ancestorTitles":["Pagination component"],"failureMessages":[],"fullName":"Pagination component should call onClick handler with correct page number when any page link is clicked","location":null,"status":"passed","title":"should call onClick handler with correct page number when any page link is clicked"},{"ancestorTitles":["Pagination component"],"failureMessages":[],"fullName":"Pagination component should call onClick handler with first page when first page is clicked","location":null,"status":"passed","title":"should call onClick handler with first page when first page is clicked"},{"ancestorTitles":["Pagination component"],"failureMessages":[],"fullName":"Pagination component should call onClick handler with last page when last page is clicked","location":null,"status":"passed","title":"should call onClick handler with last page when last page is clicked"},{"ancestorTitles":["Pagination component"],"failureMessages":[],"fullName":"Pagination component should call onClick handler with prev page when prev link is clicked","location":null,"status":"passed","title":"should call onClick handler with prev page when prev link is clicked"},{"ancestorTitles":["Pagination component"],"failureMessages":[],"fullName":"Pagination component should call onClick handler with next page when next link is clicked","location":null,"status":"passed","title":"should call onClick handler with next page when next link is clicked"},{"ancestorTitles":["Pagination component"],"failureMessages":[],"fullName":"Pagination component should call onClick handler with expected page when selected from ellipsis popover","location":null,"status":"passed","title":"should call onClick handler with expected page when selected from ellipsis popover"},{"ancestorTitles":["Pagination component"],"failureMessages":[],"fullName":"Pagination component should not call onClick handler when clicked on active page","location":null,"status":"passed","title":"should not call onClick handler when clicked on active page"}],"endTime":1628156605297,"message":"","name":"/Users/mukul/workspace/medly-open-source/medly-components/packages/core/src/components/Pagination/Pagination.test.tsx","startTime":1628156599584,"status":"passed","summary":""},{"assertionResults":[{"ancestorTitles":["MultiSelect component"],"failureMessages":[],"fullName":"MultiSelect component should render correctly with default props","location":null,"status":"passed","title":"should render correctly with default props"},{"ancestorTitles":["MultiSelect component"],"failureMessages":[],"fullName":"MultiSelect component should render correctly with all the props given","location":null,"status":"passed","title":"should render correctly with all the props given"},{"ancestorTitles":["MultiSelect component"],"failureMessages":[],"fullName":"MultiSelect component should render properly with S size","location":null,"status":"passed","title":"should render properly with S size"},{"ancestorTitles":["MultiSelect component"],"failureMessages":[],"fullName":"MultiSelect component should render properly with M size","location":null,"status":"passed","title":"should render properly with M size"},{"ancestorTitles":["MultiSelect component"],"failureMessages":[],"fullName":"MultiSelect component should show options on click on input","location":null,"status":"passed","title":"should show options on click on input"},{"ancestorTitles":["MultiSelect component"],"failureMessages":[],"fullName":"MultiSelect component should hide options when clicked outside","location":null,"status":"passed","title":"should hide options when clicked outside"},{"ancestorTitles":["MultiSelect component"],"failureMessages":[],"fullName":"MultiSelect component should not render options when clicked outside","location":null,"status":"passed","title":"should not render options when clicked outside"},{"ancestorTitles":["MultiSelect component"],"failureMessages":[],"fullName":"MultiSelect component should call onChange prop on selecting one of the option","location":null,"status":"passed","title":"should call onChange prop on selecting one of the option"},{"ancestorTitles":["MultiSelect component"],"failureMessages":[],"fullName":"MultiSelect component should deselect on click of already selected option","location":null,"status":"passed","title":"should deselect on click of already selected option"},{"ancestorTitles":["MultiSelect component"],"failureMessages":[],"fullName":"MultiSelect component should handle group name click as expected","location":null,"status":"passed","title":"should handle group name click as expected"},{"ancestorTitles":["MultiSelect component"],"failureMessages":[],"fullName":"MultiSelect component should render only matched options when input value changed","location":null,"status":"passed","title":"should render only matched options when input value changed"},{"ancestorTitles":["MultiSelect component"],"failureMessages":[],"fullName":"MultiSelect component should render all the options when input value is not matched to any option","location":null,"status":"passed","title":"should render all the options when input value is not matched to any option"},{"ancestorTitles":["MultiSelect component"],"failureMessages":[],"fullName":"MultiSelect component should close options when clicked outside","location":null,"status":"passed","title":"should close options when clicked outside"},{"ancestorTitles":["MultiSelect component"],"failureMessages":[],"fullName":"MultiSelect component should clear options on click onClear function","location":null,"status":"passed","title":"should clear options on click onClear function"},{"ancestorTitles":["MultiSelect component"],"failureMessages":[],"fullName":"MultiSelect component should show options on input change","location":null,"status":"passed","title":"should show options on input change"},{"ancestorTitles":["MultiSelect component"],"failureMessages":[],"fullName":"MultiSelect component should not show options if options are hidden","location":null,"status":"passed","title":"should not show options if options are hidden"},{"ancestorTitles":["MultiSelect component"],"failureMessages":[],"fullName":"MultiSelect component should maintain focus even on blur of input","location":null,"status":"passed","title":"should maintain focus even on blur of input"},{"ancestorTitles":["MultiSelect component"],"failureMessages":[],"fullName":"MultiSelect component should make input required if options.length is zero and multiSelect is required","location":null,"status":"passed","title":"should make input required if options.length is zero and multiSelect is required"},{"ancestorTitles":["MultiSelect component"],"failureMessages":[],"fullName":"MultiSelect component should render with passed error text","location":null,"status":"passed","title":"should render with passed error text"},{"ancestorTitles":["MultiSelect component"],"failureMessages":[],"fullName":"MultiSelect component should make input read-only when required is false along with isSearchable","location":null,"status":"passed","title":"should make input read-only when required is false along with isSearchable"},{"ancestorTitles":["MultiSelect component"],"failureMessages":[],"fullName":"MultiSelect component should call validator with error message","location":null,"status":"passed","title":"should call validator with error message"},{"ancestorTitles":["MultiSelect component"],"failureMessages":[],"fullName":"MultiSelect component should call validator on option click if validator is passed","location":null,"status":"passed","title":"should call validator on option click if validator is passed"}],"endTime":1628156605759,"message":"","name":"/Users/mukul/workspace/medly-open-source/medly-components/packages/core/src/components/MultiSelect/MultiSelect.test.tsx","startTime":1628156552106,"status":"passed","summary":""},{"assertionResults":[{"ancestorTitles":["DatePicker component"],"failureMessages":[],"fullName":"DatePicker component should render properly when value is null","location":null,"status":"passed","title":"should render properly when value is null"},{"ancestorTitles":["DatePicker component"],"failureMessages":[],"fullName":"DatePicker component should render properly when value is of date type","location":null,"status":"passed","title":"should render properly when value is of date type"},{"ancestorTitles":["DatePicker component"],"failureMessages":[],"fullName":"DatePicker component should render properly when value is of string type","location":null,"status":"passed","title":"should render properly when value is of string type"},{"ancestorTitles":["DatePicker component","popover placement"],"failureMessages":[],"fullName":"DatePicker component popover placement should render properly with \"top-start\" position","location":null,"status":"passed","title":"should render properly with \"top-start\" position"},{"ancestorTitles":["DatePicker component","popover placement"],"failureMessages":[],"fullName":"DatePicker component popover placement should render properly with \"top\" position","location":null,"status":"passed","title":"should render properly with \"top\" position"},{"ancestorTitles":["DatePicker component","popover placement"],"failureMessages":[],"fullName":"DatePicker component popover placement should render properly with \"top-end\" position","location":null,"status":"passed","title":"should render properly with \"top-end\" position"},{"ancestorTitles":["DatePicker component","popover placement"],"failureMessages":[],"fullName":"DatePicker component popover placement should render properly with \"right-start\" position","location":null,"status":"passed","title":"should render properly with \"right-start\" position"},{"ancestorTitles":["DatePicker component","popover placement"],"failureMessages":[],"fullName":"DatePicker component popover placement should render properly with \"right\" position","location":null,"status":"passed","title":"should render properly with \"right\" position"},{"ancestorTitles":["DatePicker component","popover placement"],"failureMessages":[],"fullName":"DatePicker component popover placement should render properly with \"right-end\" position","location":null,"status":"passed","title":"should render properly with \"right-end\" position"},{"ancestorTitles":["DatePicker component","popover placement"],"failureMessages":[],"fullName":"DatePicker component popover placement should render properly with \"bottom-start\" position","location":null,"status":"passed","title":"should render properly with \"bottom-start\" position"},{"ancestorTitles":["DatePicker component","popover placement"],"failureMessages":[],"fullName":"DatePicker component popover placement should render properly with \"bottom\" position","location":null,"status":"passed","title":"should render properly with \"bottom\" position"},{"ancestorTitles":["DatePicker component","popover placement"],"failureMessages":[],"fullName":"DatePicker component popover placement should render properly with \"bottom-end\" position","location":null,"status":"passed","title":"should render properly with \"bottom-end\" position"},{"ancestorTitles":["DatePicker component","popover placement"],"failureMessages":[],"fullName":"DatePicker component popover placement should render properly with \"left-end\" position","location":null,"status":"passed","title":"should render properly with \"left-end\" position"},{"ancestorTitles":["DatePicker component","popover placement"],"failureMessages":[],"fullName":"DatePicker component popover placement should render properly with \"left\" position","location":null,"status":"passed","title":"should render properly with \"left\" position"},{"ancestorTitles":["DatePicker component","popover placement"],"failureMessages":[],"fullName":"DatePicker component popover placement should render properly with \"left-start\" position","location":null,"status":"passed","title":"should render properly with \"left-start\" position"},{"ancestorTitles":["DatePicker component","calendar"],"failureMessages":[],"fullName":"DatePicker component calendar should show calendar on click on icon","location":null,"status":"passed","title":"should show calendar on click on icon"},{"ancestorTitles":["DatePicker component","calendar"],"failureMessages":[],"fullName":"DatePicker component calendar should not show calendar on click on icon if is disabled prop is passes","location":null,"status":"passed","title":"should not show calendar on click on icon if is disabled prop is passes"},{"ancestorTitles":["DatePicker component","calendar"],"failureMessages":[],"fullName":"DatePicker component calendar should hide calendar on click outside of the component","location":null,"status":"passed","title":"should hide calendar on click outside of the component"},{"ancestorTitles":["DatePicker component","calendar icon"],"failureMessages":[],"fullName":"DatePicker component calendar icon should show calendar icon when showCalendarIcon prop is true","location":null,"status":"passed","title":"should show calendar icon when showCalendarIcon prop is true"},{"ancestorTitles":["DatePicker component","calendar icon"],"failureMessages":[],"fullName":"DatePicker component calendar icon should not show calendar icon when showCalendarIcon prop is true","location":null,"status":"passed","title":"should not show calendar icon when showCalendarIcon prop is true"},{"ancestorTitles":["DatePicker component","on text change"],"failureMessages":[],"fullName":"DatePicker component on text change should change call onChange with expected date","location":null,"status":"passed","title":"should change call onChange with expected date"},{"ancestorTitles":["DatePicker component","on text change"],"failureMessages":[],"fullName":"DatePicker component on text change should render error if typed date is out of range","location":null,"status":"passed","title":"should render error if typed date is out of range"},{"ancestorTitles":["DatePicker component","on text change"],"failureMessages":[],"fullName":"DatePicker component on text change should call onChange with null if typed date is invalid","location":null,"status":"passed","title":"should call onChange with null if typed date is invalid"},{"ancestorTitles":["DatePicker component","error messages"],"failureMessages":[],"fullName":"DatePicker component error messages should return error when value is empty and field is required","location":null,"
[...]
:[{"start":{"line":24,"column":58},"end":{"line":24,"column":65}},{"start":{"line":24,"column":68},"end":{"line":24,"column":119}}],"line":24},"5":{"loc":{"start":{"line":24,"column":89},"end":{"line":24,"column":118}},"type":"binary-expr","locations":[{"start":{"line":24,"column":89},"end":{"line":24,"column":102}},{"start":{"line":24,"column":106},"end":{"line":24,"column":118}}],"line":24},"6":{"loc":{"start":{"line":32,"column":12},"end":{"line":32,"column":37}},"type":"binary-expr","locations":[{"start":{"line":32,"column":12},"end":{"line":32,"column":19}},{"start":{"line":32,"column":23},"end":{"line":32,"column":37}}],"line":32},"7":{"loc":{"start":{"line":51,"column":12},"end":{"line":51,"column":37}},"type":"binary-expr","locations":[{"start":{"line":51,"column":12},"end":{"line":51,"column":19}},{"start":{"line":51,"column":23},"end":{"line":51,"column":37}}],"line":51},"8":{"loc":{"start":{"line":92,"column":48},"end":{"line":92,"column":105}},"type":"cond-expr","locations":[{"start":{"line":92,"column":56},"end":{"line":92,"column":100}},{"start":{"line":92,"column":103},"end":{"line":92,"column":105}}],"line":92},"9":{"loc":{"start":{"line":92,"column":70},"end":{"line":92,"column":99}},"type":"binary-expr","locations":[{"start":{"line":92,"column":70},"end":{"line":92,"column":83}},{"start":{"line":92,"column":87},"end":{"line":92,"column":99}}],"line":92},"10":{"loc":{"start":{"line":101,"column":39},"end":{"line":101,"column":116}},"type":"cond-expr","locations":[{"start":{"line":101,"column":57},"end":{"line":101,"column":111}},{"start":{"line":101,"column":114},"end":{"line":101,"column":116}}],"line":101},"11":{"loc":{"start":{"line":101,"column":81},"end":{"line":101,"column":110}},"type":"binary-expr","locations":[{"start":{"line":101,"column":81},"end":{"line":101,"column":94}},{"start":{"line":101,"column":98},"end":{"line":101,"column":110}}],"line":101},"12":{"loc":{"start":{"line":102,"column":37},"end":{"line":102,"column":110}},"type":"cond-expr","locations":[{"start":{"line":102,"column":53},"end":{"line":102,"column":105}},{"start":{"line":102,"column":108},"end":{"line":102,"column":110}}],"line":102},"13":{"loc":{"start":{"line":102,"column":75},"end":{"line":102,"column":104}},"type":"binary-expr","locations":[{"start":{"line":102,"column":75},"end":{"line":102,"column":88}},{"start":{"line":102,"column":92},"end":{"line":102,"column":104}}],"line":102},"14":{"loc":{"start":{"line":110,"column":12},"end":{"line":112,"column":63}},"type":"cond-expr","locations":[{"start":{"line":111,"column":18},"end":{"line":111,"column":95}},{"start":{"line":112,"column":18},"end":{"line":112,"column":63}}],"line":110}},"s":{"0":1,"1":58,"2":58,"3":58,"4":58,"5":0,"6":58,"7":18,"8":18,"9":58,"10":15,"11":58,"12":87,"13":18,"14":18,"15":58,"16":58,"17":5,"18":5,"19":58,"20":14,"21":1,"22":1,"23":1,"24":1,"25":1,"26":1,"27":58,"28":21,"29":5,"30":5,"31":5,"32":58,"33":15,"34":3,"35":3,"36":3,"37":58,"38":10,"39":2,"40":2,"41":58,"42":10,"43":2,"44":2,"45":58,"46":5,"47":1,"48":1,"49":1,"50":58,"51":7,"52":3,"53":3,"54":58,"55":8,"56":7,"57":7,"58":58,"59":5,"60":1,"61":1,"62":1,"63":58},"f":{"0":58,"1":0,"2":18,"3":18,"4":15,"5":87,"6":18,"7":58,"8":5,"9":14,"10":1,"11":1,"12":21,"13":5,"14":5,"15":15,"16":3,"17":3,"18":10,"19":2,"20":2,"21":10,"22":2,"23":2,"24":5,"25":1,"26":1,"27":7,"28":3,"29":3,"30":8,"31":7,"32":7,"33":5,"34":1,"35":1,"36":1},"b":{"0":[13,2],"1":[2,11],"2":[11,2],"3":[12,3],"4":[2,10],"5":[10,2],"6":[18,1],"7":[1,1],"8":[3,0],"9":[3,1],"10":[7,0],"11":[7,2],"12":[6,1],"13":[6,2],"14":[0,1]},"_coverageSchema":"1a1c01bbd47fc00a2c39e90264f33305004495a9","hash":"0f8bb33f7700a8bf59bb8a46f24e6c4eb15e939f"},"/Users/mukul/workspace/medly-open-source/medly-components/packages/forms/src/components/Fields/Fields.styled.tsx":{"path":"/Users/mukul/workspace/medly-open-source/medly-components/packages/forms/src/components/Fields/Fields.styled.tsx","statementMap":{"0":{"start":{"line":5,"column":28},"end":{"line":13,"column":1}},"1":{"start":{"line":6,"column":39},"end":{"line":6,"column":49}},"2":{"start":{"line":7,"column":33},"end":{"line":7,"column":40}},"3":{"start":{"line":14,"column":0},"end":{"line":16,"column":2}},"4":{"start":{"line":18,"column":22},"end":{"line":21,"column":1}},"5":{"start":{"line":23,"column":26},"end":{"line":25,"column":1}}},"fnMap":{"0":{"name":"(anonymous_0)","decl":{"start":{"line":6,"column":19},"end":{"line":6,"column":20}},"loc":{"start":{"line":6,"column":39},"end":{"line":6,"column":49}},"line":6},"1":{"name":"(anonymous_1)","decl":{"start":{"line":7,"column":16},"end":{"line":7,"column":17}},"loc":{"start":{"line":7,"column":33},"end":{"line":7,"column":40}},"line":7}},"branchMap":{},"s":{"0":1,"1":414,"2":414,"3":1,"4":1,"5":1},"f":{"0":414,"1":414},"b":{},"_coverageSchema":"1a1c01bbd47fc00a2c39e90264f33305004495a9","hash":"d49d2a8d6035f32d79274215fead47cd973573c5"},"/Users/mukul/workspace/medly-open-source/medly-components/packages/forms/src/components/Fields/Fields.components.tsx":{"path":"/Users/mukul/workspace/medly-open-source/medly-components/packages/forms/src/components/Fields/Fields.components.tsx","statementMap":{"0":{"start":{"line":28,"column":45},"end":{"line":220,"column":2}},"1":{"start":{"line":29,"column":85},"end":{"line":29,"column":90}},"2":{"start":{"line":31,"column":4},"end":{"line":219,"column":6}},"3":{"start":{"line":36,"column":71},"end":{"line":36,"column":82}},"4":{"start":{"line":37,"column":35},"end":{"line":37,"column":76}},"5":{"start":{"line":38,"column":41},"end":{"line":38,"column":61}},"6":{"start":{"line":39,"column":34},"end":{"line":39,"column":47}},"7":{"start":{"line":40,"column":31},"end":{"line":40,"column":72}},"8":{"start":{"line":41,"column":32},"end":{"line":41,"column":44}},"9":{"start":{"line":43,"column":40},"end":{"line":56,"column":21}},"10":{"start":{"line":58,"column":20},"end":{"line":78,"column":21}},"11":{"start":{"line":59,"column":24},"end":{"line":77,"column":26}},"12":{"start":{"line":80,"column":20},"end":{"line":215,"column":22}},"13":{"start":{"line":83,"column":32},"end":{"line":212,"column":33}},"14":{"start":{"line":87,"column":40},"end":{"line":95,"column":42}},"15":{"start":{"line":98,"column":40},"end":{"line":106,"column":42}},"16":{"start":{"line":109,"column":40},"end":{"line":114,"column":42}},"17":{"start":{"line":117,"column":40},"end":{"line":125,"column":42}},"18":{"start":{"line":128,"column":40},"end":{"line":137,"column":42}},"19":{"start":{"line":140,"column":40},"end":{"line":149,"column":42}},"20":{"start":{"line":152,"column":40},"end":{"line":161,"column":42}},"21":{"start":{"line":164,"column":40},"end":{"line":173,"column":42}},"22":{"start":{"line":176,"column":40},"end":{"line":188,"column":42}},"23":{"start":{"line":191,"column":40},"end":{"line":208,"column":42}},"24":{"start":{"line":211,"column":40},"end":{"line":211,"column":52}},"25":{"start":{"line":222,"column":0},"end":{"line":222,"column":30}},"26":{"start":{"line":223,"column":0},"end":{"line":229,"column":2}}},"fnMap":{"0":{"name":"(anonymous_0)","decl":{"start":{"line":28,"column":56},"end":{"line":28,"column":57}},"loc":{"start":{"line":28,"column":65},"end":{"line":220,"column":1}},"line":28},"1":{"name":"(anonymous_1)","decl":{"start":{"line":34,"column":41},"end":{"line":34,"column":42}},"loc":{"start":{"line":34,"column":48},"end":{"line":216,"column":17}},"line":34},"2":{"name":"(anonymous_2)","decl":{"start":{"line":82,"column":30},"end":{"line":82,"column":31}},"loc":{"start":{"line":82,"column":36},"end":{"line":213,"column":29}},"line":82}},"branchMap":{"0":{"loc":{"start":{"line":32,"column":8},"end":{"line":218,"column":9}},"type":"binary-expr","locations":[{"start":{"line":32,"column":8},"end":{"line":32,"column":14}},{"start":{"line":33,"column":12},"end":{"line":217,"column":15}}],"line":32},"1":{"loc":{"start":{"line":37,"column":35},"end":{"line":37,"column":76}},"type":"binary-expr","locations":[{"start":{"line":37,"column":35},"end":{"line":37,"column":49}},{"start":{"line":37,"column":53},"end":{"line":37,"column":76}}],"line":37},"2":{"loc":{"start":{"line":40,"column":31},"end":{"line":40,"column":72}},"type":"cond-expr","locations":[{"start":{"line":40,"column":44},"end":{"line":40,"column":66}},{"start":{"line":40,"column":69},"end":{"line":40,"column":72}}],"line":40},"3":{"loc":{"start":{"line":54,"column":37},"end":{"line":54,"column":106}},"type":"binary-expr","locations":[{"start":{"line":54,"column":37},"end":{"line":54,"column":56}},{"start":{"line":54,"column":60},"end":{"line":54,"column":106}}],"line":54},"4":{"loc":{"start":{"line":55,"column":42},"end":{"line":55,"column":70}},"type":"binary-expr","locations":[{"start":{"line":55,"column":42},"end":{"line":55,"column":61}},{"start":{"line":55,"column":65},"end":{"line":55,"column":70}}],"line":55},"5":{"loc":{"start":{"line":58,"column":20},"end":{"line":78,"column":21}},"type":"if","locations":[{"start":{"line":58,"column":20},"end":{"line":78,"column":21}},{"start":{"line":58,"column":20},"end":{"line":78,"column":21}}],"line":58},"6":{"loc":{"start":{"line":61,"column":33},"end":{"line":63,"column":33}},"type":"binary-expr","locations":[{"start":{"line":61,"column":33},"end":{"line":61,"column":71}},{"start":{"line":62,"column":36},"end":{"line":62,"column":110}}],"line":61},"7":{"loc":{"start":{"line":64,"column":33},"end":{"line":64,"column":134}},"type":"binary-expr","locations":[{"start":{"line":64,"column":33},"end":{"line":64,"column":58}},{"start":{"line":64,"column":62},"end":{"line":64,"column":134}}],"line":64},"8":{"loc":{"start":{"line":83,"column":32},"end":{"line":212,"column":33}},"type":"switch","locations":[{"start":{"line":84,"column":36},"end":{"line":84,"column":48}},{"start":{"line":85,"column":36},"end":{"line":85,"column":49}},{"start":{"line":86,"column":36},"end":{"line":95,"column":42}},{"start":{"line":97,"column":36},"end":{"line":106,"column":42}},{"start":{"line":108,"column":36},"end":{"line":114,"column":42}},{"start":{"line":116,"column":36},"end":{"line":125,"column":42}},{"start":{"line":127,"column":36},"end":{"line":137,"column":42}},{"start":{"line":139,"column":36},"end":{"line":149,"column":42}},{"start":{"line":151,"column":36},"end":{"line":161,"column":42}},{"start":{"line":163,"column":36},"end":{"line":173,"column":42}},{"start":{"line":175,"column":36},"end":{"line":189,"column":37}},{"start":{"line":190,"column":36},"end":{"line":208,"column":42}},{"start":{"line":210,"column":36},"end":{"line":211,"column":52}}],"line":83},"9":{"loc":{"start":{"line":91,"column":59},"end":{"line":91,"column":70}},"type":"binary-expr","locations":[{"start":{"line":91,"column":59},"end":{"line":91,"column":64}},{"start":{"line":91,"column":68},"end":{"line":91,"column":70}}],"line":91},"10":{"loc":{"start":{"line":102,"column":59},"end":{"line":102,"column":70}},"type":"binary-expr","locations":[{"start":{"line":102,"column":59},"end":{"line":102,"column":64}},{"start":{"line":102,"column":68},"end":{"line":102,"column":70}}],"line":102},"11":{"loc":{"start":{"line":181,"column":59},"end":{"line":181,"column":72}},"type":"binary-expr","locations":[{"start":{"line":181,"column":59},"end":{"line":181,"column":64}},{"start":{"line":181,"column":68},"end":{"line":181,"column":72}}],"line":181}},"s":{"0":1,"1":84,"2":84,"3":440,"4":440,"5":440,"6":440,"7":440,"8":440,"9":440,"10":440,"11":26,"12":414,"13":414,"14":91,"15":78,"16":26,"17":26,"18":26,"19":26,"20":26,"21":26,"22":42,"23":46,"24":1,"25":1,"26":1},"f":{"0":84,"1":440,"2":414},"b":{"0":[84,84],"1":[440,440],"2":[78,362],"3":[440,439],"4":[440,1],"5":[26,414],"6":[26,26],"7":[26,26],"8":[65,91,91,78,26,26,26,26,26,26,42,46,1],"9":[91,20],"10":[78,60],"11":[42,1]},"_coverageSchema":"1a1c01bbd47fc00a2c39e90264f33305004495a9","hash":"88029d3a4b941fe4c5d8454768864579e5b46c00"},"/Users/mukul/workspace/medly-open-source/medly-components/packages/forms/src/components/Form/Form.styled.tsx":{"path":"/Users/mukul/workspace/medly-open-source/medly-components/packages/forms/src/components/Form/Form.styled.tsx","statementMap":{"0":{"start":{"line":3,"column":20},"end":{"line":20,"column":1}},"1":{"start":{"line":6,"column":34},"end":{"line":6,"column":62}},"2":{"start":{"line":7,"column":35},"end":{"line":7,"column":43}},"3":{"start":{"line":8,"column":32},"end":{"line":8,"column":51}},"4":{"start":{"line":9,"column":35},"end":{"line":9,"column":69}}},"fnMap":{"0":{"name":"(anonymous_0)","decl":{"start":{"line":6,"column":16},"end":{"line":6,"column":17}},"loc":{"start":{"line":6,"column":34},"end":{"line":6,"column":62}},"line":6},"1":{"name":"(anonymous_1)","decl":{"start":{"line":7,"column":17},"end":{"line":7,"column":18}},"loc":{"start":{"line":7,"column":35},"end":{"line":7,"column":43}},"line":7},"2":{"name":"(anonymous_2)","decl":{"start":{"line":8,"column":13},"end":{"line":8,"column":14}},"loc":{"start":{"line":8,"column":32},"end":{"line":8,"column":51}},"line":8},"3":{"name":"(anonymous_3)","decl":{"start":{"line":9,"column":15},"end":{"line":9,"column":16}},"loc":{"start":{"line":9,"column":35},"end":{"line":9,"column":69}},"line":9}},"branchMap":{"0":{"loc":{"start":{"line":6,"column":34},"end":{"line":6,"column":62}},"type":"cond-expr","locations":[{"start":{"line":6,"column":44},"end":{"line":6,"column":51}},{"start":{"line":6,"column":54},"end":{"line":6,"column":62}}],"line":6},"1":{"loc":{"start":{"line":8,"column":32},"end":{"line":8,"column":51}},"type":"binary-expr","locations":[{"start":{"line":8,"column":32},"end":{"line":8,"column":41}},{"start":{"line":8,"column":45},"end":{"line":8,"column":51}}],"line":8},"2":{"loc":{"start":{"line":9,"column":35},"end":{"line":9,"column":69}},"type":"cond-expr","locations":[{"start":{"line":9,"column":47},"end":{"line":9,"column":53}},{"start":{"line":9,"column":56},"end":{"line":9,"column":69}}],"line":9}},"s":{"0":1,"1":58,"2":58,"3":58,"4":58},"f":{"0":58,"1":58,"2":58,"3":58},"b":{"0":[1,57],"1":[58,1],"2":[1,57]},"_coverageSchema":"1a1c01bbd47fc00a2c39e90264f33305004495a9","hash":"aca18efae30d30c690e8abb6fac120411a7705bb"},"/Users/mukul/workspace/medly-open-source/medly-components/packages/forms/src/components/Form/Form.tsx":{"path":"/Users/mukul/workspace/medly-open-source/medly-components/packages/forms/src/components/Form/Form.tsx","statementMap":{"0":{"start":{"line":11,"column":53},"end":{"line":83,"column":1}},"1":{"start":{"line":36,"column":27},"end":{"line":36,"column":74}},"2":{"start":{"line":36,"column":41},"end":{"line":36,"column":67}},"3":{"start":{"line":37,"column":98},"end":{"line":37,"column":119}},"4":{"start":{"line":38,"column":25},"end":{"line":38,"column":132}},"5":{"start":{"line":38,"column":40},"end":{"line":38,"column":107}},"6":{"start":{"line":40,"column":12},"end":{"line":42,"column":35}},"7":{"start":{"line":41,"column":16},"end":{"line":41,"column":111}},"8":{"start":{"line":44,"column":12},"end":{"line":46,"column":25}},"9":{"start":{"line":45,"column":16},"end":{"line":45,"column":73}},"10":{"start":{"line":48,"column":12},"end":{"line":80,"column":14}},"11":{"start":{"line":84,"column":0},"end":{"line":84,"column":26}},"12":{"start":{"line":85,"column":0},"end":{"line":85,"column":25}},"13":{"start":{"line":86,"column":0},"end":{"line":93,"column":2}}},"fnMap":{"0":{"name":"(anonymous_0)","decl":{"start":{"line":13,"column":8},"end":{"line":13,"column":9}},"loc":{"start":{"line":35,"column":13},"end":{"line":81,"column":9}},"line":35},"1":{"name":"(anonymous_1)","decl":{"start":{"line":36,"column":35},"end":{"line":36,"column":36}},"loc":{"start":{"line":36,"column":41},"end":{"line":36,"column":67}},"line":36},"2":{"name":"(anonymous_2)","decl":{"start":{"line":38,"column":33},"end":{"line":38,"column":34}},"loc":{"start":{"line":38,"column":40},"end":{"line":38,"column":107}},"line":38},"3":{"name":"(anonymous_3)","decl":{"start":{"line":40,"column":22},"end":{"line":40,"column":23}},"loc":{"start":{"line":40,"column":28},"end":{"line":42,"column":13}},"line":40},"4":{"name":"(anonymous_4)","decl":{"start":{"line":44,"column":22},"end":{"line":44,"column":23}},"loc":{"start":{"line":44,"column":28},"end":{"line":46,"column":13}},"line":44}},"branchMap":{"0":{"loc":{"start":{"line":36,"column":41},"end":{"line":36,"column":67}},"type":"binary-expr","locations":[{"start":{"line":36,"column":41},"end":{"line":36,"column":43}},{"start":{"line":36,"column":47},"end":{"line":36,"column":67}}],"line":36},"1":{"loc":{"start":{"line":38,"column":40},"end":{"line":38,"column":107}},"type":"cond-expr","locations":[{"start":{"line":38,"column":74},"end":{"line":38,"column":85}},{"start":{"line":38,"column":88},"end":{"line":38,"column":107}}],"line":38},"2":{"loc":{"start":{"line":41,"column":16},"end":{"line":41,"column":110}},"type":"binary-expr","locations":[{"start":{"line":41,"column":16},"end":{"line":41,"column":32}},{"start":{"line":41,"column":36},"end":{"line":41,"column":72}},{"start":{"line":41,"column":76},"end":{"line":41,"column":110}}],"line":41},"3":{"loc":{"start":{"line":45,"column":16},"end":{"line":45,"column":72}},"type":"binary-expr","locations":[{"start":{"line":45,"column":16},"end":{"line":45,"column":24}},{"start":{"line":45,"column":28},"end":{"line":45,"column":72}}],"line":45},"4":{"loc":{"start":{"line":58,"column":21},"end":{"line":58,"column":69}},"type":"binary-expr","locations":[{"start":{"line":58,"column":21},"end":{"line":58,"column":27}},{"start":{"line":58,"column":31},"end":{"line":58,"column":69}}],"line":58},"5":{"loc":{"start":{"line":59,"column":21},"end":{"line":59,"column":80}},"type":"binary-expr","locations":[{"start":{"line":59,"column":21},"end":{"line":59,"column":31}},{"start":{"line":59,"column":35},"end":{"line":59,"column":80}}],"line":59},"6":{"loc":{"start":{"line":66,"column":34},"end":{"line":66,"column":55}},"type":"binary-expr","locations":[{"start":{"line":66,"column":34},"end":{"line":66,"column":42}},{"start":{"line":66,"column":46},"end":{"line":66,"column":55}}],"line":66},"7":{"loc":{"start":{"line":70,"column":21},"end":{"line":78,"column":21}},"type":"binary-expr","locations":[{"start":{"line":70,"column":21},"end":{"line":70,"column":33}},{"start":{"line":71,"column":24},"end":{"line":77,"column":26}}],"line":70}},"s":{"0":1,"1":58,"2":14,"3":58,"4":58,"5":39,"6":58,"7":14,"8":58,"9":39,"10":58,"11":1,"12":1,"13":1},"f":{"0":58,"1":14,"2":39,"3":14,"4":39},"b":{"0":[14,14],"1":[37,2],"2":[14,1,1],"3":[39,16],"4":[58,1],"5":[58,1],"6":[58,58],"7":[58,57]},"_coverageSchema":"1a1c01bbd47fc00a2c39e90264f33305004495a9","hash":"6481f87d2e9e9e1502ebfaec164168f873125d7c"},"/Users/mukul/workspace/medly-open-source/medly-components/packages/forms/src/components/Form/testSchema.ts":{"path":"/Users/mukul/workspace/medly-open-source/medly-components/packages/forms/src/components/Form/testSchema.ts","statementMap":{"0":{"start":{"line":3,"column":43},"end":{"line":112,"column":1}}},"fnMap":{},"branchMap":{},"s":{"0":1},"f":{},"b":{},"_coverageSchema":"1a1c01bbd47fc00a2c39e90264f33305004495a9","hash":"22ca66e7f0adb105cd151412f372137bf90c05ab"},"/Users/mukul/workspace/medly-open-source/medly-components/packages/core/src/components/DialogBox/helpers.ts":{"path":"/Users/mukul/workspace/medly-open-source/medly-components/packages/core/src/components/DialogBox/helpers.ts","statementMap":{"0":{"start":{"line":1,"column":28},"end":{"line":1,"column":62}},"1":{"start":{"line":1,"column":45},"end":{"line":1,"column":61}}},"fnMap":{"0":{"name":"(anonymous_0)","decl":{"start":{"line":1,"column":28},"end":{"line":1,"column":29}},"loc":{"start":{"line":1,"column":45},"end":{"line":1,"column":61}},"line":1}},"branchMap":{"0":{"loc":{"start":{"line":1,"column":45},"end":{"line":1,"column":61}},"type":"cond-expr","locations":[{"start":{"line":1,"column":50},"end":{"line":1,"column":57}},{"start":{"line":1,"column":60},"end":{"line":1,"column":61}}],"line":1}},"s":{"0":0,"1":0},"f":{"0":0},"b":{"0":[0,0]}}}}